{"/home/runner/work/json-pointer/json-pointer/src/find.ts": {"path":"/home/runner/work/json-pointer/json-pointer/src/find.ts","all":false,"statementMap":{"0":{"start":{"line":1,"column":0},"end":{"line":1,"column":36}},"2":{"start":{"line":3,"column":0},"end":{"line":3,"column":75}},"14":{"start":{"line":15,"column":0},"end":{"line":15,"column":24}},"40":{"start":{"line":41,"column":0},"end":{"line":41,"column":62}},"41":{"start":{"line":42,"column":0},"end":{"line":42,"column":33}},"42":{"start":{"line":43,"column":0},"end":{"line":43,"column":32}},"43":{"start":{"line":44,"column":0},"end":{"line":44,"column":28}},"44":{"start":{"line":45,"column":0},"end":{"line":45,"column":28}},"45":{"start":{"line":46,"column":0},"end":{"line":46,"column":40}},"46":{"start":{"line":47,"column":0},"end":{"line":47,"column":14}},"47":{"start":{"line":48,"column":0},"end":{"line":48,"column":18}},"48":{"start":{"line":49,"column":0},"end":{"line":49,"column":23}},"49":{"start":{"line":50,"column":0},"end":{"line":50,"column":32}},"50":{"start":{"line":51,"column":0},"end":{"line":51,"column":36}},"51":{"start":{"line":52,"column":0},"end":{"line":52,"column":12}},"52":{"start":{"line":53,"column":0},"end":{"line":53,"column":38}},"53":{"start":{"line":54,"column":0},"end":{"line":54,"column":29}},"54":{"start":{"line":55,"column":0},"end":{"line":55,"column":66}},"55":{"start":{"line":56,"column":0},"end":{"line":56,"column":21}},"56":{"start":{"line":57,"column":0},"end":{"line":57,"column":56}},"57":{"start":{"line":58,"column":0},"end":{"line":58,"column":9}},"58":{"start":{"line":59,"column":0},"end":{"line":59,"column":7}},"59":{"start":{"line":60,"column":0},"end":{"line":60,"column":21}},"60":{"start":{"line":61,"column":0},"end":{"line":61,"column":50}},"61":{"start":{"line":62,"column":0},"end":{"line":62,"column":68}},"62":{"start":{"line":63,"column":0},"end":{"line":63,"column":40}},"63":{"start":{"line":64,"column":0},"end":{"line":64,"column":3}},"64":{"start":{"line":65,"column":0},"end":{"line":65,"column":41}},"65":{"start":{"line":66,"column":0},"end":{"line":66,"column":13}},"66":{"start":{"line":67,"column":0},"end":{"line":67,"column":2}},"75":{"start":{"line":76,"column":0},"end":{"line":76,"column":90}},"76":{"start":{"line":77,"column":0},"end":{"line":77,"column":50}},"78":{"start":{"line":79,"column":0},"end":{"line":79,"column":87}},"86":{"start":{"line":87,"column":0},"end":{"line":87,"column":92}},"87":{"start":{"line":88,"column":0},"end":{"line":88,"column":61}}},"s":{"0":1,"2":1,"14":1,"40":1,"41":12,"42":12,"43":10,"44":10,"45":12,"46":22,"47":22,"48":22,"49":5,"50":5,"51":4,"52":4,"53":4,"54":4,"55":4,"56":4,"57":4,"58":4,"59":4,"60":22,"61":16,"62":17,"63":22,"64":8,"65":8,"66":8,"75":1,"76":28,"78":1,"86":1,"87":0},"branchMap":{"0":{"type":"branch","line":41,"loc":{"start":{"line":41,"column":20},"end":{"line":67,"column":2}},"locations":[{"start":{"line":41,"column":20},"end":{"line":67,"column":2}}]},"1":{"type":"branch","line":43,"loc":{"start":{"line":43,"column":19},"end":{"line":43,"column":32}},"locations":[{"start":{"line":43,"column":19},"end":{"line":43,"column":32}}]},"2":{"type":"branch","line":43,"loc":{"start":{"line":43,"column":30},"end":{"line":46,"column":39}},"locations":[{"start":{"line":43,"column":30},"end":{"line":46,"column":39}}]},"3":{"type":"branch","line":46,"loc":{"start":{"line":46,"column":39},"end":{"line":64,"column":3}},"locations":[{"start":{"line":46,"column":39},"end":{"line":64,"column":3}}]},"4":{"type":"branch","line":49,"loc":{"start":{"line":49,"column":22},"end":{"line":61,"column":15}},"locations":[{"start":{"line":49,"column":22},"end":{"line":61,"column":15}}]},"5":{"type":"branch","line":51,"loc":{"start":{"line":51,"column":23},"end":{"line":51,"column":36}},"locations":[{"start":{"line":51,"column":23},"end":{"line":51,"column":36}}]},"6":{"type":"branch","line":51,"loc":{"start":{"line":51,"column":29},"end":{"line":61,"column":15}},"locations":[{"start":{"line":51,"column":29},"end":{"line":61,"column":15}}]},"7":{"type":"branch","line":55,"loc":{"start":{"line":55,"column":33},"end":{"line":55,"column":66}},"locations":[{"start":{"line":55,"column":33},"end":{"line":55,"column":66}}]},"8":{"type":"branch","line":57,"loc":{"start":{"line":57,"column":23},"end":{"line":57,"column":56}},"locations":[{"start":{"line":57,"column":23},"end":{"line":57,"column":56}}]},"9":{"type":"branch","line":61,"loc":{"start":{"line":61,"column":4},"end":{"line":63,"column":40}},"locations":[{"start":{"line":61,"column":4},"end":{"line":63,"column":40}}]},"10":{"type":"branch","line":61,"loc":{"start":{"line":61,"column":30},"end":{"line":61,"column":49}},"locations":[{"start":{"line":61,"column":30},"end":{"line":61,"column":49}}]},"11":{"type":"branch","line":61,"loc":{"start":{"line":61,"column":49},"end":{"line":63,"column":11}},"locations":[{"start":{"line":61,"column":49},"end":{"line":63,"column":11}}]},"12":{"type":"branch","line":62,"loc":{"start":{"line":62,"column":34},"end":{"line":62,"column":58}},"locations":[{"start":{"line":62,"column":34},"end":{"line":62,"column":58}}]},"13":{"type":"branch","line":62,"loc":{"start":{"line":62,"column":54},"end":{"line":62,"column":68}},"locations":[{"start":{"line":62,"column":54},"end":{"line":62,"column":68}}]},"14":{"type":"branch","line":63,"loc":{"start":{"line":63,"column":4},"end":{"line":63,"column":40}},"locations":[{"start":{"line":63,"column":4},"end":{"line":63,"column":40}}]},"15":{"type":"branch","line":64,"loc":{"start":{"line":64,"column":2},"end":{"line":67,"column":2}},"locations":[{"start":{"line":64,"column":2},"end":{"line":67,"column":2}}]},"16":{"type":"branch","line":76,"loc":{"start":{"line":76,"column":32},"end":{"line":77,"column":50}},"locations":[{"start":{"line":76,"column":32},"end":{"line":77,"column":50}}]},"17":{"type":"branch","line":79,"loc":{"start":{"line":79,"column":26},"end":{"line":79,"column":87}},"locations":[{"start":{"line":79,"column":26},"end":{"line":79,"column":87}}]}},"b":{"0":[12],"1":[2],"2":[10],"3":[22],"4":[5],"5":[1],"6":[4],"7":[0],"8":[1],"9":[17],"10":[16],"11":[16],"12":[14],"13":[2],"14":[1],"15":[8],"16":[28],"17":[14]},"fnMap":{"0":{"name":"find","decl":{"start":{"line":41,"column":20},"end":{"line":67,"column":2}},"loc":{"start":{"line":41,"column":20},"end":{"line":67,"column":2}},"line":41},"1":{"name":"isArrayReference","decl":{"start":{"line":76,"column":32},"end":{"line":77,"column":50}},"loc":{"start":{"line":76,"column":32},"end":{"line":77,"column":50}},"line":76},"2":{"name":"isArrayEnd","decl":{"start":{"line":79,"column":26},"end":{"line":79,"column":87}},"loc":{"start":{"line":79,"column":26},"end":{"line":79,"column":87}},"line":79},"3":{"name":"isObjectReference","decl":{"start":{"line":87,"column":33},"end":{"line":88,"column":61}},"loc":{"start":{"line":87,"column":33},"end":{"line":88,"column":61}},"line":87}},"f":{"0":12,"1":28,"2":14,"3":0}}
,"/home/runner/work/json-pointer/json-pointer/src/get.ts": {"path":"/home/runner/work/json-pointer/json-pointer/src/get.ts","all":false,"statementMap":{"0":{"start":{"line":1,"column":0},"end":{"line":1,"column":75}},"3":{"start":{"line":4,"column":0},"end":{"line":4,"column":71}},"4":{"start":{"line":5,"column":0},"end":{"line":5,"column":33}},"5":{"start":{"line":6,"column":0},"end":{"line":6,"column":27}},"6":{"start":{"line":7,"column":0},"end":{"line":7,"column":30}},"7":{"start":{"line":8,"column":0},"end":{"line":8,"column":40}},"8":{"start":{"line":9,"column":0},"end":{"line":9,"column":18}},"9":{"start":{"line":10,"column":0},"end":{"line":10,"column":31}},"10":{"start":{"line":11,"column":0},"end":{"line":11,"column":36}},"11":{"start":{"line":12,"column":0},"end":{"line":12,"column":42}},"12":{"start":{"line":13,"column":0},"end":{"line":13,"column":27}},"13":{"start":{"line":14,"column":0},"end":{"line":14,"column":48}},"14":{"start":{"line":15,"column":0},"end":{"line":15,"column":19}},"15":{"start":{"line":16,"column":0},"end":{"line":16,"column":7}},"16":{"start":{"line":17,"column":0},"end":{"line":17,"column":21}},"17":{"start":{"line":18,"column":0},"end":{"line":18,"column":41}},"18":{"start":{"line":19,"column":0},"end":{"line":19,"column":71}},"19":{"start":{"line":20,"column":0},"end":{"line":20,"column":30}},"20":{"start":{"line":21,"column":0},"end":{"line":21,"column":28}},"21":{"start":{"line":22,"column":0},"end":{"line":22,"column":3}},"22":{"start":{"line":23,"column":0},"end":{"line":23,"column":13}},"23":{"start":{"line":24,"column":0},"end":{"line":24,"column":2}}},"s":{"0":1,"3":1,"4":18,"5":18,"6":18,"7":18,"8":32,"9":32,"10":11,"11":3,"12":2,"13":3,"14":2,"15":2,"16":10,"17":32,"18":21,"19":19,"20":21,"21":32,"22":13,"23":13},"branchMap":{"0":{"type":"branch","line":4,"loc":{"start":{"line":4,"column":19},"end":{"line":24,"column":2}},"locations":[{"start":{"line":4,"column":19},"end":{"line":24,"column":2}}]},"1":{"type":"branch","line":7,"loc":{"start":{"line":7,"column":19},"end":{"line":7,"column":30}},"locations":[{"start":{"line":7,"column":19},"end":{"line":7,"column":30}}]},"2":{"type":"branch","line":7,"loc":{"start":{"line":7,"column":26},"end":{"line":8,"column":39}},"locations":[{"start":{"line":7,"column":26},"end":{"line":8,"column":39}}]},"3":{"type":"branch","line":8,"loc":{"start":{"line":8,"column":39},"end":{"line":22,"column":3}},"locations":[{"start":{"line":8,"column":39},"end":{"line":22,"column":3}}]},"4":{"type":"branch","line":10,"loc":{"start":{"line":10,"column":30},"end":{"line":18,"column":15}},"locations":[{"start":{"line":10,"column":30},"end":{"line":18,"column":15}}]},"5":{"type":"branch","line":11,"loc":{"start":{"line":11,"column":35},"end":{"line":16,"column":7}},"locations":[{"start":{"line":11,"column":35},"end":{"line":16,"column":7}}]},"6":{"type":"branch","line":12,"loc":{"start":{"line":12,"column":25},"end":{"line":12,"column":42}},"locations":[{"start":{"line":12,"column":25},"end":{"line":12,"column":42}}]},"7":{"type":"branch","line":12,"loc":{"start":{"line":12,"column":32},"end":{"line":14,"column":38}},"locations":[{"start":{"line":12,"column":32},"end":{"line":14,"column":38}}]},"8":{"type":"branch","line":14,"loc":{"start":{"line":14,"column":31},"end":{"line":14,"column":48}},"locations":[{"start":{"line":14,"column":31},"end":{"line":14,"column":48}}]},"9":{"type":"branch","line":14,"loc":{"start":{"line":14,"column":38},"end":{"line":16,"column":7}},"locations":[{"start":{"line":14,"column":38},"end":{"line":16,"column":7}}]},"10":{"type":"branch","line":16,"loc":{"start":{"line":16,"column":6},"end":{"line":18,"column":15}},"locations":[{"start":{"line":16,"column":6},"end":{"line":18,"column":15}}]},"11":{"type":"branch","line":18,"loc":{"start":{"line":18,"column":4},"end":{"line":21,"column":28}},"locations":[{"start":{"line":18,"column":4},"end":{"line":21,"column":28}}]},"12":{"type":"branch","line":19,"loc":{"start":{"line":19,"column":54},"end":{"line":19,"column":71}},"locations":[{"start":{"line":19,"column":54},"end":{"line":19,"column":71}}]},"13":{"type":"branch","line":19,"loc":{"start":{"line":19,"column":61},"end":{"line":21,"column":11}},"locations":[{"start":{"line":19,"column":61},"end":{"line":21,"column":11}}]},"14":{"type":"branch","line":21,"loc":{"start":{"line":21,"column":4},"end":{"line":21,"column":28}},"locations":[{"start":{"line":21,"column":4},"end":{"line":21,"column":28}}]},"15":{"type":"branch","line":22,"loc":{"start":{"line":22,"column":2},"end":{"line":24,"column":2}},"locations":[{"start":{"line":22,"column":2},"end":{"line":24,"column":2}}]}},"b":{"0":[18],"1":[2],"2":[16],"3":[32],"4":[11],"5":[3],"6":[1],"7":[2],"8":[0],"9":[2],"10":[10],"11":[21],"12":[2],"13":[19],"14":[0],"15":[13]},"fnMap":{"0":{"name":"get","decl":{"start":{"line":4,"column":19},"end":{"line":24,"column":2}},"loc":{"start":{"line":4,"column":19},"end":{"line":24,"column":2}},"line":4}},"f":{"0":18}}
,"/home/runner/work/json-pointer/json-pointer/src/index.ts": {"path":"/home/runner/work/json-pointer/json-pointer/src/index.ts","all":true,"statementMap":{"0":{"start":{"line":1,"column":0},"end":{"line":1,"column":3}},"8":{"start":{"line":9,"column":0},"end":{"line":9,"column":24}},"9":{"start":{"line":10,"column":0},"end":{"line":10,"column":23}},"10":{"start":{"line":11,"column":0},"end":{"line":11,"column":27}},"11":{"start":{"line":12,"column":0},"end":{"line":12,"column":22}},"12":{"start":{"line":13,"column":0},"end":{"line":13,"column":23}},"13":{"start":{"line":14,"column":0},"end":{"line":14,"column":32}}},"s":{"0":0,"8":0,"9":0,"10":0,"11":0,"12":0,"13":0},"branchMap":{"0":{"type":"branch","line":1,"loc":{"start":{"line":1,"column":313},"end":{"line":14,"column":32}},"locations":[{"start":{"line":1,"column":313},"end":{"line":14,"column":32}}]}},"b":{"0":[0]},"fnMap":{"0":{"name":"(empty-report)","decl":{"start":{"line":1,"column":313},"end":{"line":14,"column":32}},"loc":{"start":{"line":1,"column":313},"end":{"line":14,"column":32}},"line":1}},"f":{"0":0}}
,"/home/runner/work/json-pointer/json-pointer/src/types.ts": {"path":"/home/runner/work/json-pointer/json-pointer/src/types.ts","all":true,"statementMap":{},"s":{},"branchMap":{"0":{"type":"branch","line":1,"loc":{"start":{"line":1,"column":79},"end":{"line":2,"column":39}},"locations":[{"start":{"line":1,"column":79},"end":{"line":2,"column":39}}]}},"b":{"0":[1]},"fnMap":{"0":{"name":"(empty-report)","decl":{"start":{"line":1,"column":79},"end":{"line":2,"column":39}},"loc":{"start":{"line":1,"column":79},"end":{"line":2,"column":39}},"line":1}},"f":{"0":1}}
,"/home/runner/work/json-pointer/json-pointer/src/util.ts": {"path":"/home/runner/work/json-pointer/json-pointer/src/util.ts","all":false,"statementMap":{"2":{"start":{"line":3,"column":0},"end":{"line":3,"column":17}},"3":{"start":{"line":4,"column":0},"end":{"line":4,"column":17}},"4":{"start":{"line":5,"column":0},"end":{"line":5,"column":16}},"5":{"start":{"line":6,"column":0},"end":{"line":6,"column":17}},"10":{"start":{"line":11,"column":0},"end":{"line":11,"column":62}},"11":{"start":{"line":12,"column":0},"end":{"line":12,"column":54}},"12":{"start":{"line":13,"column":0},"end":{"line":13,"column":53}},"13":{"start":{"line":14,"column":0},"end":{"line":14,"column":1}},"18":{"start":{"line":19,"column":0},"end":{"line":19,"column":60}},"19":{"start":{"line":20,"column":0},"end":{"line":20,"column":87}},"20":{"start":{"line":21,"column":0},"end":{"line":21,"column":55}},"21":{"start":{"line":22,"column":0},"end":{"line":22,"column":1}},"27":{"start":{"line":28,"column":0},"end":{"line":28,"column":57}},"28":{"start":{"line":29,"column":0},"end":{"line":29,"column":26}},"30":{"start":{"line":31,"column":0},"end":{"line":31,"column":60}},"31":{"start":{"line":32,"column":0},"end":{"line":32,"column":1}},"37":{"start":{"line":38,"column":0},"end":{"line":38,"column":55}},"38":{"start":{"line":39,"column":0},"end":{"line":39,"column":30}},"39":{"start":{"line":40,"column":0},"end":{"line":40,"column":85}},"40":{"start":{"line":41,"column":0},"end":{"line":41,"column":1}},"42":{"start":{"line":43,"column":0},"end":{"line":43,"column":118}},"47":{"start":{"line":48,"column":0},"end":{"line":48,"column":61}},"48":{"start":{"line":49,"column":0},"end":{"line":49,"column":50}},"49":{"start":{"line":50,"column":0},"end":{"line":50,"column":83}},"50":{"start":{"line":51,"column":0},"end":{"line":51,"column":14}},"51":{"start":{"line":52,"column":0},"end":{"line":52,"column":1}},"53":{"start":{"line":54,"column":0},"end":{"line":54,"column":58}},"54":{"start":{"line":55,"column":0},"end":{"line":55,"column":44}},"55":{"start":{"line":56,"column":0},"end":{"line":56,"column":72}},"56":{"start":{"line":57,"column":0},"end":{"line":57,"column":14}},"57":{"start":{"line":58,"column":0},"end":{"line":58,"column":1}},"72":{"start":{"line":73,"column":0},"end":{"line":73,"column":60}},"77":{"start":{"line":78,"column":0},"end":{"line":78,"column":42}},"78":{"start":{"line":79,"column":0},"end":{"line":79,"column":52}},"79":{"start":{"line":80,"column":0},"end":{"line":80,"column":40}},"80":{"start":{"line":81,"column":0},"end":{"line":81,"column":1}},"85":{"start":{"line":86,"column":0},"end":{"line":86,"column":63}},"86":{"start":{"line":87,"column":0},"end":{"line":87,"column":45}},"87":{"start":{"line":88,"column":0},"end":{"line":88,"column":39}},"88":{"start":{"line":89,"column":0},"end":{"line":89,"column":39}},"89":{"start":{"line":90,"column":0},"end":{"line":90,"column":1}},"91":{"start":{"line":92,"column":0},"end":{"line":92,"column":52}},"92":{"start":{"line":93,"column":0},"end":{"line":93,"column":25}},"93":{"start":{"line":94,"column":0},"end":{"line":94,"column":12}},"94":{"start":{"line":95,"column":0},"end":{"line":95,"column":20}},"95":{"start":{"line":96,"column":0},"end":{"line":96,"column":19}},"96":{"start":{"line":97,"column":0},"end":{"line":97,"column":33}},"97":{"start":{"line":98,"column":0},"end":{"line":98,"column":43}},"98":{"start":{"line":99,"column":0},"end":{"line":99,"column":10}},"99":{"start":{"line":100,"column":0},"end":{"line":100,"column":15}},"100":{"start":{"line":101,"column":0},"end":{"line":101,"column":5}},"101":{"start":{"line":102,"column":0},"end":{"line":102,"column":17}},"102":{"start":{"line":103,"column":0},"end":{"line":103,"column":3}},"103":{"start":{"line":104,"column":0},"end":{"line":104,"column":14}},"104":{"start":{"line":105,"column":0},"end":{"line":105,"column":2}}},"s":{"2":1,"3":1,"4":1,"5":1,"10":1,"11":167,"12":5,"13":5,"18":1,"19":12,"20":3,"21":3,"27":1,"28":27,"30":26,"31":26,"37":1,"38":5,"39":4,"40":4,"42":1,"47":1,"48":6,"49":6,"50":2,"51":2,"53":1,"54":0,"55":0,"56":0,"57":0,"72":1,"77":1,"78":4,"79":3,"80":3,"85":1,"86":8,"87":8,"88":8,"89":8,"91":1,"92":4,"93":4,"94":4,"95":4,"96":4,"97":4,"98":3,"99":3,"100":3,"101":1,"102":1,"103":3,"104":3},"branchMap":{"0":{"type":"branch","line":11,"loc":{"start":{"line":11,"column":7},"end":{"line":14,"column":1}},"locations":[{"start":{"line":11,"column":7},"end":{"line":14,"column":1}}]},"1":{"type":"branch","line":12,"loc":{"start":{"line":12,"column":37},"end":{"line":12,"column":54}},"locations":[{"start":{"line":12,"column":37},"end":{"line":12,"column":54}}]},"2":{"type":"branch","line":12,"loc":{"start":{"line":12,"column":44},"end":{"line":14,"column":1}},"locations":[{"start":{"line":12,"column":44},"end":{"line":14,"column":1}}]},"3":{"type":"branch","line":19,"loc":{"start":{"line":19,"column":7},"end":{"line":22,"column":1}},"locations":[{"start":{"line":19,"column":7},"end":{"line":22,"column":1}}]},"4":{"type":"branch","line":20,"loc":{"start":{"line":20,"column":33},"end":{"line":20,"column":70}},"locations":[{"start":{"line":20,"column":33},"end":{"line":20,"column":70}}]},"5":{"type":"branch","line":20,"loc":{"start":{"line":20,"column":70},"end":{"line":22,"column":1}},"locations":[{"start":{"line":20,"column":70},"end":{"line":22,"column":1}}]},"6":{"type":"branch","line":20,"loc":{"start":{"line":20,"column":70},"end":{"line":20,"column":87}},"locations":[{"start":{"line":20,"column":70},"end":{"line":20,"column":87}}]},"7":{"type":"branch","line":20,"loc":{"start":{"line":20,"column":77},"end":{"line":22,"column":1}},"locations":[{"start":{"line":20,"column":77},"end":{"line":22,"column":1}}]},"8":{"type":"branch","line":28,"loc":{"start":{"line":28,"column":7},"end":{"line":32,"column":1}},"locations":[{"start":{"line":28,"column":7},"end":{"line":32,"column":1}}]},"9":{"type":"branch","line":29,"loc":{"start":{"line":29,"column":16},"end":{"line":29,"column":26}},"locations":[{"start":{"line":29,"column":16},"end":{"line":29,"column":26}}]},"10":{"type":"branch","line":29,"loc":{"start":{"line":29,"column":24},"end":{"line":32,"column":1}},"locations":[{"start":{"line":29,"column":24},"end":{"line":32,"column":1}}]},"11":{"type":"branch","line":38,"loc":{"start":{"line":38,"column":7},"end":{"line":41,"column":1}},"locations":[{"start":{"line":38,"column":7},"end":{"line":41,"column":1}}]},"12":{"type":"branch","line":39,"loc":{"start":{"line":39,"column":20},"end":{"line":39,"column":30}},"locations":[{"start":{"line":39,"column":20},"end":{"line":39,"column":30}}]},"13":{"type":"branch","line":39,"loc":{"start":{"line":39,"column":27},"end":{"line":41,"column":1}},"locations":[{"start":{"line":39,"column":27},"end":{"line":41,"column":1}}]},"14":{"type":"branch","line":40,"loc":{"start":{"line":40,"column":24},"end":{"line":40,"column":73}},"locations":[{"start":{"line":40,"column":24},"end":{"line":40,"column":73}}]},"15":{"type":"branch","line":48,"loc":{"start":{"line":48,"column":7},"end":{"line":52,"column":1}},"locations":[{"start":{"line":48,"column":7},"end":{"line":52,"column":1}}]},"16":{"type":"branch","line":49,"loc":{"start":{"line":49,"column":37},"end":{"line":50,"column":46}},"locations":[{"start":{"line":49,"column":37},"end":{"line":50,"column":46}}]},"17":{"type":"branch","line":50,"loc":{"start":{"line":50,"column":42},"end":{"line":50,"column":83}},"locations":[{"start":{"line":50,"column":42},"end":{"line":50,"column":83}}]},"18":{"type":"branch","line":50,"loc":{"start":{"line":50,"column":70},"end":{"line":50,"column":83}},"locations":[{"start":{"line":50,"column":70},"end":{"line":50,"column":83}}]},"19":{"type":"branch","line":50,"loc":{"start":{"line":50,"column":77},"end":{"line":52,"column":1}},"locations":[{"start":{"line":50,"column":77},"end":{"line":52,"column":1}}]},"20":{"type":"branch","line":73,"loc":{"start":{"line":73,"column":22},"end":{"line":73,"column":60}},"locations":[{"start":{"line":73,"column":22},"end":{"line":73,"column":60}}]},"21":{"type":"branch","line":78,"loc":{"start":{"line":78,"column":7},"end":{"line":81,"column":1}},"locations":[{"start":{"line":78,"column":7},"end":{"line":81,"column":1}}]},"22":{"type":"branch","line":79,"loc":{"start":{"line":79,"column":23},"end":{"line":79,"column":52}},"locations":[{"start":{"line":79,"column":23},"end":{"line":79,"column":52}}]},"23":{"type":"branch","line":79,"loc":{"start":{"line":79,"column":50},"end":{"line":81,"column":1}},"locations":[{"start":{"line":79,"column":50},"end":{"line":81,"column":1}}]},"24":{"type":"branch","line":86,"loc":{"start":{"line":86,"column":7},"end":{"line":90,"column":1}},"locations":[{"start":{"line":86,"column":7},"end":{"line":90,"column":1}}]},"25":{"type":"branch","line":87,"loc":{"start":{"line":87,"column":33},"end":{"line":87,"column":45}},"locations":[{"start":{"line":87,"column":33},"end":{"line":87,"column":45}}]},"26":{"type":"branch","line":92,"loc":{"start":{"line":92,"column":25},"end":{"line":105,"column":2}},"locations":[{"start":{"line":92,"column":25},"end":{"line":105,"column":2}}]},"27":{"type":"branch","line":98,"loc":{"start":{"line":98,"column":20},"end":{"line":98,"column":42}},"locations":[{"start":{"line":98,"column":20},"end":{"line":98,"column":42}}]},"28":{"type":"branch","line":98,"loc":{"start":{"line":98,"column":42},"end":{"line":101,"column":5}},"locations":[{"start":{"line":98,"column":42},"end":{"line":101,"column":5}}]},"29":{"type":"branch","line":101,"loc":{"start":{"line":101,"column":4},"end":{"line":103,"column":3}},"locations":[{"start":{"line":101,"column":4},"end":{"line":103,"column":3}}]},"30":{"type":"branch","line":103,"loc":{"start":{"line":103,"column":2},"end":{"line":105,"column":2}},"locations":[{"start":{"line":103,"column":2},"end":{"line":105,"column":2}}]}},"b":{"0":[167],"1":[162],"2":[5],"3":[12],"4":[10],"5":[11],"6":[9],"7":[3],"8":[27],"9":[1],"10":[26],"11":[5],"12":[1],"13":[4],"14":[10],"15":[6],"16":[3],"17":[5],"18":[1],"19":[2],"20":[5],"21":[4],"22":[1],"23":[3],"24":[8],"25":[0],"26":[4],"27":[3],"28":[3],"29":[1],"30":[3]},"fnMap":{"0":{"name":"unescapeComponent","decl":{"start":{"line":11,"column":7},"end":{"line":14,"column":1}},"loc":{"start":{"line":11,"column":7},"end":{"line":14,"column":1}},"line":11},"1":{"name":"escapeComponent","decl":{"start":{"line":19,"column":7},"end":{"line":22,"column":1}},"loc":{"start":{"line":19,"column":7},"end":{"line":22,"column":1}},"line":19},"2":{"name":"parseJsonPointer","decl":{"start":{"line":28,"column":7},"end":{"line":32,"column":1}},"loc":{"start":{"line":28,"column":7},"end":{"line":32,"column":1}},"line":28},"3":{"name":"formatJsonPointer","decl":{"start":{"line":38,"column":7},"end":{"line":41,"column":1}},"loc":{"start":{"line":38,"column":7},"end":{"line":41,"column":1}},"line":38},"4":{"name":"toPath","decl":{"start":{"line":43,"column":22},"end":{"line":43,"column":118}},"loc":{"start":{"line":43,"column":22},"end":{"line":43,"column":118}},"line":43},"5":{"name":"isChild","decl":{"start":{"line":48,"column":7},"end":{"line":52,"column":1}},"loc":{"start":{"line":48,"column":7},"end":{"line":52,"column":1}},"line":48},"6":{"name":"isPathEqual","decl":{"start":{"line":54,"column":7},"end":{"line":58,"column":1}},"loc":{"start":{"line":54,"column":7},"end":{"line":58,"column":1}},"line":54},"7":{"name":"isRoot","decl":{"start":{"line":73,"column":22},"end":{"line":73,"column":60}},"loc":{"start":{"line":73,"column":22},"end":{"line":73,"column":60}},"line":73},"8":{"name":"parent","decl":{"start":{"line":78,"column":7},"end":{"line":81,"column":1}},"loc":{"start":{"line":78,"column":7},"end":{"line":81,"column":1}},"line":78},"9":{"name":"isValidIndex","decl":{"start":{"line":86,"column":7},"end":{"line":90,"column":1}},"loc":{"start":{"line":86,"column":7},"end":{"line":90,"column":1}},"line":86},"10":{"name":"isInteger","decl":{"start":{"line":92,"column":25},"end":{"line":105,"column":2}},"loc":{"start":{"line":92,"column":25},"end":{"line":105,"column":2}},"line":92}},"f":{"0":167,"1":12,"2":27,"3":5,"4":0,"5":6,"6":0,"7":5,"8":4,"9":8,"10":4}}
,"/home/runner/work/json-pointer/json-pointer/src/validate.ts": {"path":"/home/runner/work/json-pointer/json-pointer/src/validate.ts","all":true,"statementMap":{"2":{"start":{"line":3,"column":0},"end":{"line":3,"column":74}},"3":{"start":{"line":4,"column":0},"end":{"line":4,"column":36}},"4":{"start":{"line":5,"column":0},"end":{"line":5,"column":18}},"5":{"start":{"line":6,"column":0},"end":{"line":6,"column":65}},"6":{"start":{"line":7,"column":0},"end":{"line":7,"column":69}},"7":{"start":{"line":8,"column":0},"end":{"line":8,"column":5}},"8":{"start":{"line":9,"column":0},"end":{"line":9,"column":31}},"9":{"start":{"line":10,"column":0},"end":{"line":10,"column":2}},"11":{"start":{"line":12,"column":0},"end":{"line":12,"column":24}},"13":{"start":{"line":14,"column":0},"end":{"line":14,"column":55}},"14":{"start":{"line":15,"column":0},"end":{"line":15,"column":55}},"15":{"start":{"line":16,"column":0},"end":{"line":16,"column":59}},"16":{"start":{"line":17,"column":0},"end":{"line":17,"column":28}},"17":{"start":{"line":18,"column":0},"end":{"line":18,"column":26}},"18":{"start":{"line":19,"column":0},"end":{"line":19,"column":20}},"19":{"start":{"line":20,"column":0},"end":{"line":20,"column":20}},"20":{"start":{"line":21,"column":0},"end":{"line":21,"column":17}},"21":{"start":{"line":22,"column":0},"end":{"line":22,"column":14}},"22":{"start":{"line":23,"column":0},"end":{"line":23,"column":46}},"23":{"start":{"line":24,"column":0},"end":{"line":24,"column":5}},"24":{"start":{"line":25,"column":0},"end":{"line":25,"column":3}},"25":{"start":{"line":26,"column":0},"end":{"line":26,"column":2}}},"s":{"2":0,"3":0,"4":0,"5":0,"6":0,"7":0,"8":0,"9":0,"11":0,"13":0,"14":0,"15":0,"16":0,"17":0,"18":0,"19":0,"20":0,"21":0,"22":0,"23":0,"24":0,"25":0},"branchMap":{"0":{"type":"branch","line":1,"loc":{"start":{"line":1,"column":43},"end":{"line":26,"column":-43}},"locations":[{"start":{"line":1,"column":43},"end":{"line":26,"column":-43}}]}},"b":{"0":[1]},"fnMap":{"0":{"name":"(empty-report)","decl":{"start":{"line":1,"column":43},"end":{"line":26,"column":-43}},"loc":{"start":{"line":1,"column":43},"end":{"line":26,"column":-43}},"line":1}},"f":{"0":1}}
,"/home/runner/work/json-pointer/json-pointer/src/__bench__/find.js": {"path":"/home/runner/work/json-pointer/json-pointer/src/__bench__/find.js","all":true,"statementMap":{"0":{"start":{"line":1,"column":0},"end":{"line":1,"column":39}},"1":{"start":{"line":2,"column":0},"end":{"line":2,"column":64}},"2":{"start":{"line":3,"column":0},"end":{"line":3,"column":57}},"3":{"start":{"line":4,"column":0},"end":{"line":4,"column":85}},"4":{"start":{"line":5,"column":0},"end":{"line":5,"column":66}},"5":{"start":{"line":6,"column":0},"end":{"line":6,"column":95}},"6":{"start":{"line":7,"column":0},"end":{"line":7,"column":95}},"7":{"start":{"line":8,"column":0},"end":{"line":8,"column":95}},"8":{"start":{"line":9,"column":0},"end":{"line":9,"column":95}},"9":{"start":{"line":10,"column":0},"end":{"line":10,"column":95}},"10":{"start":{"line":11,"column":0},"end":{"line":11,"column":95}},"11":{"start":{"line":12,"column":0},"end":{"line":12,"column":0}},"12":{"start":{"line":13,"column":0},"end":{"line":13,"column":36}},"13":{"start":{"line":14,"column":0},"end":{"line":14,"column":0}},"14":{"start":{"line":15,"column":0},"end":{"line":15,"column":13}},"15":{"start":{"line":16,"column":0},"end":{"line":16,"column":8}},"16":{"start":{"line":17,"column":0},"end":{"line":17,"column":10}},"17":{"start":{"line":18,"column":0},"end":{"line":18,"column":7}},"18":{"start":{"line":19,"column":0},"end":{"line":19,"column":17}},"19":{"start":{"line":20,"column":0},"end":{"line":20,"column":8}},"20":{"start":{"line":21,"column":0},"end":{"line":21,"column":6}},"21":{"start":{"line":22,"column":0},"end":{"line":22,"column":4}},"22":{"start":{"line":23,"column":0},"end":{"line":23,"column":2}},"23":{"start":{"line":24,"column":0},"end":{"line":24,"column":0}},"24":{"start":{"line":25,"column":0},"end":{"line":25,"column":5}},"25":{"start":{"line":26,"column":0},"end":{"line":26,"column":22}},"26":{"start":{"line":27,"column":0},"end":{"line":27,"column":55}},"27":{"start":{"line":28,"column":0},"end":{"line":28,"column":23}},"28":{"start":{"line":29,"column":0},"end":{"line":29,"column":4}},"29":{"start":{"line":30,"column":0},"end":{"line":30,"column":26}},"30":{"start":{"line":31,"column":0},"end":{"line":31,"column":58}},"31":{"start":{"line":32,"column":0},"end":{"line":32,"column":26}},"32":{"start":{"line":33,"column":0},"end":{"line":33,"column":4}},"33":{"start":{"line":34,"column":0},"end":{"line":34,"column":36}},"34":{"start":{"line":35,"column":0},"end":{"line":35,"column":43}},"35":{"start":{"line":36,"column":0},"end":{"line":36,"column":4}},"36":{"start":{"line":37,"column":0},"end":{"line":37,"column":36}},"37":{"start":{"line":38,"column":0},"end":{"line":38,"column":43}},"38":{"start":{"line":39,"column":0},"end":{"line":39,"column":4}},"39":{"start":{"line":40,"column":0},"end":{"line":40,"column":36}},"40":{"start":{"line":41,"column":0},"end":{"line":41,"column":43}},"41":{"start":{"line":42,"column":0},"end":{"line":42,"column":4}},"42":{"start":{"line":43,"column":0},"end":{"line":43,"column":36}},"43":{"start":{"line":44,"column":0},"end":{"line":44,"column":43}},"44":{"start":{"line":45,"column":0},"end":{"line":45,"column":4}},"45":{"start":{"line":46,"column":0},"end":{"line":46,"column":36}},"46":{"start":{"line":47,"column":0},"end":{"line":47,"column":43}},"47":{"start":{"line":48,"column":0},"end":{"line":48,"column":4}},"48":{"start":{"line":49,"column":0},"end":{"line":49,"column":36}},"49":{"start":{"line":50,"column":0},"end":{"line":50,"column":43}},"50":{"start":{"line":51,"column":0},"end":{"line":51,"column":4}},"51":{"start":{"line":52,"column":0},"end":{"line":52,"column":27}},"52":{"start":{"line":53,"column":0},"end":{"line":53,"column":38}},"53":{"start":{"line":54,"column":0},"end":{"line":54,"column":4}},"54":{"start":{"line":55,"column":0},"end":{"line":55,"column":31}},"55":{"start":{"line":56,"column":0},"end":{"line":56,"column":68}},"56":{"start":{"line":57,"column":0},"end":{"line":57,"column":4}},"57":{"start":{"line":58,"column":0},"end":{"line":58,"column":9}}},"s":{"0":0,"1":0,"2":0,"3":0,"4":0,"5":0,"6":0,"7":0,"8":0,"9":0,"10":0,"11":0,"12":0,"13":0,"14":0,"15":0,"16":0,"17":0,"18":0,"19":0,"20":0,"21":0,"22":0,"23":0,"24":0,"25":0,"26":0,"27":0,"28":0,"29":0,"30":0,"31":0,"32":0,"33":0,"34":0,"35":0,"36":0,"37":0,"38":0,"39":0,"40":0,"41":0,"42":0,"43":0,"44":0,"45":0,"46":0,"47":0,"48":0,"49":0,"50":0,"51":0,"52":0,"53":0,"54":0,"55":0,"56":0,"57":0},"branchMap":{"0":{"type":"branch","line":1,"loc":{"start":{"line":1,"column":1951},"end":{"line":58,"column":9}},"locations":[{"start":{"line":1,"column":1951},"end":{"line":58,"column":9}}]}},"b":{"0":[0]},"fnMap":{"0":{"name":"(empty-report)","decl":{"start":{"line":1,"column":1951},"end":{"line":58,"column":9}},"loc":{"start":{"line":1,"column":1951},"end":{"line":58,"column":9}},"line":1}},"f":{"0":0}}
,"/home/runner/work/json-pointer/json-pointer/src/__bench__/parseJsonPointer.ts": {"path":"/home/runner/work/json-pointer/json-pointer/src/__bench__/parseJsonPointer.ts","all":true,"statementMap":{"0":{"start":{"line":1,"column":0},"end":{"line":1,"column":31}},"2":{"start":{"line":3,"column":0},"end":{"line":3,"column":39}},"3":{"start":{"line":4,"column":0},"end":{"line":4,"column":41}},"5":{"start":{"line":6,"column":0},"end":{"line":6,"column":36}},"7":{"start":{"line":8,"column":0},"end":{"line":8,"column":5}},"8":{"start":{"line":9,"column":0},"end":{"line":9,"column":37}},"9":{"start":{"line":10,"column":0},"end":{"line":10,"column":25}},"10":{"start":{"line":11,"column":0},"end":{"line":11,"column":4}},"11":{"start":{"line":12,"column":0},"end":{"line":12,"column":38}},"12":{"start":{"line":13,"column":0},"end":{"line":13,"column":26}},"13":{"start":{"line":14,"column":0},"end":{"line":14,"column":4}},"14":{"start":{"line":15,"column":0},"end":{"line":15,"column":41}},"15":{"start":{"line":16,"column":0},"end":{"line":16,"column":29}},"16":{"start":{"line":17,"column":0},"end":{"line":17,"column":4}},"17":{"start":{"line":18,"column":0},"end":{"line":18,"column":49}},"18":{"start":{"line":19,"column":0},"end":{"line":19,"column":37}},"19":{"start":{"line":20,"column":0},"end":{"line":20,"column":4}},"20":{"start":{"line":21,"column":0},"end":{"line":21,"column":72}},"21":{"start":{"line":22,"column":0},"end":{"line":22,"column":60}},"22":{"start":{"line":23,"column":0},"end":{"line":23,"column":4}},"23":{"start":{"line":24,"column":0},"end":{"line":24,"column":32}},"24":{"start":{"line":25,"column":0},"end":{"line":25,"column":38}},"25":{"start":{"line":26,"column":0},"end":{"line":26,"column":4}},"26":{"start":{"line":27,"column":0},"end":{"line":27,"column":25}},"27":{"start":{"line":28,"column":0},"end":{"line":28,"column":69}},"28":{"start":{"line":29,"column":0},"end":{"line":29,"column":4}},"29":{"start":{"line":30,"column":0},"end":{"line":30,"column":9}}},"s":{"0":0,"2":0,"3":0,"5":0,"7":0,"8":0,"9":0,"10":0,"11":0,"12":0,"13":0,"14":0,"15":0,"16":0,"17":0,"18":0,"19":0,"20":0,"21":0,"22":0,"23":0,"24":0,"25":0,"26":0,"27":0,"28":0,"29":0},"branchMap":{"0":{"type":"branch","line":1,"loc":{"start":{"line":1,"column":0},"end":{"line":30,"column":-133}},"locations":[{"start":{"line":1,"column":0},"end":{"line":30,"column":-133}}]}},"b":{"0":[0]},"fnMap":{"0":{"name":"(empty-report)","decl":{"start":{"line":1,"column":0},"end":{"line":30,"column":-133}},"loc":{"start":{"line":1,"column":0},"end":{"line":30,"column":-133}},"line":1}},"f":{"0":0}}
,"/home/runner/work/json-pointer/json-pointer/src/__demos__/json-pointer.ts": {"path":"/home/runner/work/json-pointer/json-pointer/src/__demos__/json-pointer.ts","all":true,"statementMap":{"0":{"start":{"line":1,"column":0},"end":{"line":1,"column":31}},"8":{"start":{"line":9,"column":0},"end":{"line":9,"column":113}},"10":{"start":{"line":11,"column":0},"end":{"line":11,"column":13}},"11":{"start":{"line":12,"column":0},"end":{"line":12,"column":8}},"12":{"start":{"line":13,"column":0},"end":{"line":13,"column":13}},"13":{"start":{"line":14,"column":0},"end":{"line":14,"column":4}},"14":{"start":{"line":15,"column":0},"end":{"line":15,"column":2}},"16":{"start":{"line":17,"column":0},"end":{"line":17,"column":42}},"17":{"start":{"line":18,"column":0},"end":{"line":18,"column":28}},"19":{"start":{"line":20,"column":0},"end":{"line":20,"column":17}},"22":{"start":{"line":23,"column":0},"end":{"line":23,"column":52}},"25":{"start":{"line":26,"column":0},"end":{"line":26,"column":61}},"28":{"start":{"line":29,"column":0},"end":{"line":29,"column":39}},"31":{"start":{"line":32,"column":0},"end":{"line":32,"column":35}}},"s":{"0":0,"8":0,"10":0,"11":0,"12":0,"13":0,"14":0,"16":0,"17":0,"19":0,"22":0,"25":0,"28":0,"31":0},"branchMap":{"0":{"type":"branch","line":1,"loc":{"start":{"line":1,"column":693},"end":{"line":33,"column":7}},"locations":[{"start":{"line":1,"column":693},"end":{"line":33,"column":7}}]}},"b":{"0":[0]},"fnMap":{"0":{"name":"(empty-report)","decl":{"start":{"line":1,"column":693},"end":{"line":33,"column":7}},"loc":{"start":{"line":1,"column":693},"end":{"line":33,"column":7}},"line":1}},"f":{"0":0}}
,"/home/runner/work/json-pointer/json-pointer/src/codegen/find.ts": {"path":"/home/runner/work/json-pointer/json-pointer/src/codegen/find.ts","all":false,"statementMap":{"3":{"start":{"line":4,"column":0},"end":{"line":4,"column":78}},"4":{"start":{"line":5,"column":0},"end":{"line":5,"column":99}},"5":{"start":{"line":6,"column":0},"end":{"line":6,"column":102}},"6":{"start":{"line":7,"column":0},"end":{"line":7,"column":41}},"7":{"start":{"line":8,"column":0},"end":{"line":8,"column":47}},"8":{"start":{"line":9,"column":0},"end":{"line":9,"column":45}},"9":{"start":{"line":10,"column":0},"end":{"line":10,"column":3}},"10":{"start":{"line":11,"column":0},"end":{"line":11,"column":44}},"11":{"start":{"line":12,"column":0},"end":{"line":12,"column":53}},"12":{"start":{"line":13,"column":0},"end":{"line":13,"column":2}}},"s":{"3":1,"4":4,"5":3,"6":4,"7":7,"8":7,"9":7,"10":3,"11":3,"12":3},"branchMap":{"0":{"type":"branch","line":4,"loc":{"start":{"line":4,"column":22},"end":{"line":13,"column":2}},"locations":[{"start":{"line":4,"column":22},"end":{"line":13,"column":2}}]},"1":{"type":"branch","line":5,"loc":{"start":{"line":5,"column":25},"end":{"line":5,"column":99}},"locations":[{"start":{"line":5,"column":25},"end":{"line":5,"column":99}}]},"2":{"type":"branch","line":5,"loc":{"start":{"line":5,"column":32},"end":{"line":7,"column":40}},"locations":[{"start":{"line":5,"column":32},"end":{"line":7,"column":40}}]},"3":{"type":"branch","line":7,"loc":{"start":{"line":7,"column":40},"end":{"line":10,"column":3}},"locations":[{"start":{"line":7,"column":40},"end":{"line":10,"column":3}}]},"4":{"type":"branch","line":10,"loc":{"start":{"line":10,"column":2},"end":{"line":13,"column":2}},"locations":[{"start":{"line":10,"column":2},"end":{"line":13,"column":2}}]}},"b":{"0":[4],"1":[1],"2":[3],"3":[7],"4":[3]},"fnMap":{"0":{"name":"$$find","decl":{"start":{"line":4,"column":22},"end":{"line":13,"column":2}},"loc":{"start":{"line":4,"column":22},"end":{"line":13,"column":2}},"line":4}},"f":{"0":4}}
,"/home/runner/work/json-pointer/json-pointer/src/codegen/findRef.ts": {"path":"/home/runner/work/json-pointer/json-pointer/src/codegen/findRef.ts","all":false,"statementMap":{"0":{"start":{"line":1,"column":0},"end":{"line":1,"column":39}},"2":{"start":{"line":3,"column":0},"end":{"line":3,"column":84}},"3":{"start":{"line":4,"column":0},"end":{"line":4,"column":75}},"7":{"start":{"line":8,"column":0},"end":{"line":8,"column":64}},"8":{"start":{"line":9,"column":0},"end":{"line":9,"column":21}},"9":{"start":{"line":10,"column":0},"end":{"line":10,"column":12}},"10":{"start":{"line":11,"column":0},"end":{"line":11,"column":28}},"11":{"start":{"line":12,"column":0},"end":{"line":12,"column":74}},"12":{"start":{"line":13,"column":0},"end":{"line":13,"column":30}},"13":{"start":{"line":14,"column":0},"end":{"line":14,"column":3}},"15":{"start":{"line":16,"column":0},"end":{"line":16,"column":16}},"16":{"start":{"line":17,"column":0},"end":{"line":17,"column":41}},"17":{"start":{"line":18,"column":0},"end":{"line":18,"column":40}},"18":{"start":{"line":19,"column":0},"end":{"line":19,"column":22}},"20":{"start":{"line":21,"column":0},"end":{"line":21,"column":19}},"25":{"start":{"line":26,"column":0},"end":{"line":26,"column":34}},"26":{"start":{"line":27,"column":0},"end":{"line":27,"column":116}},"27":{"start":{"line":28,"column":0},"end":{"line":28,"column":69}},"35":{"start":{"line":36,"column":0},"end":{"line":36,"column":3}},"37":{"start":{"line":38,"column":0},"end":{"line":38,"column":44}},"40":{"start":{"line":41,"column":0},"end":{"line":41,"column":13}},"45":{"start":{"line":46,"column":0},"end":{"line":46,"column":10}},"46":{"start":{"line":47,"column":0},"end":{"line":47,"column":35}},"47":{"start":{"line":48,"column":0},"end":{"line":48,"column":7}},"48":{"start":{"line":49,"column":0},"end":{"line":49,"column":28}},"49":{"start":{"line":50,"column":0},"end":{"line":50,"column":2}},"51":{"start":{"line":52,"column":0},"end":{"line":52,"column":76}}},"s":{"0":1,"2":1,"3":1,"7":1,"8":12,"9":2,"10":2,"11":2,"12":2,"13":2,"15":10,"16":12,"17":22,"18":22,"20":22,"25":22,"26":22,"27":22,"35":22,"37":10,"40":10,"45":10,"46":10,"47":10,"48":10,"49":10,"51":1},"branchMap":{"0":{"type":"branch","line":8,"loc":{"start":{"line":8,"column":25},"end":{"line":50,"column":2}},"locations":[{"start":{"line":8,"column":25},"end":{"line":50,"column":2}}]},"1":{"type":"branch","line":9,"loc":{"start":{"line":9,"column":20},"end":{"line":14,"column":3}},"locations":[{"start":{"line":9,"column":20},"end":{"line":14,"column":3}}]},"2":{"type":"branch","line":14,"loc":{"start":{"line":14,"column":2},"end":{"line":17,"column":40}},"locations":[{"start":{"line":14,"column":2},"end":{"line":17,"column":40}}]},"3":{"type":"branch","line":17,"loc":{"start":{"line":17,"column":40},"end":{"line":36,"column":3}},"locations":[{"start":{"line":17,"column":40},"end":{"line":36,"column":3}}]},"4":{"type":"branch","line":27,"loc":{"start":{"line":27,"column":48},"end":{"line":27,"column":113}},"locations":[{"start":{"line":27,"column":48},"end":{"line":27,"column":113}}]},"5":{"type":"branch","line":27,"loc":{"start":{"line":27,"column":52},"end":{"line":27,"column":115}},"locations":[{"start":{"line":27,"column":52},"end":{"line":27,"column":115}}]},"6":{"type":"branch","line":28,"loc":{"start":{"line":28,"column":24},"end":{"line":28,"column":66}},"locations":[{"start":{"line":28,"column":24},"end":{"line":28,"column":66}}]},"7":{"type":"branch","line":28,"loc":{"start":{"line":28,"column":28},"end":{"line":28,"column":68}},"locations":[{"start":{"line":28,"column":28},"end":{"line":28,"column":68}}]},"8":{"type":"branch","line":36,"loc":{"start":{"line":36,"column":2},"end":{"line":50,"column":2}},"locations":[{"start":{"line":36,"column":2},"end":{"line":50,"column":2}}]},"9":{"type":"branch","line":52,"loc":{"start":{"line":52,"column":24},"end":{"line":52,"column":76}},"locations":[{"start":{"line":52,"column":24},"end":{"line":52,"column":76}}]}},"b":{"0":[12],"1":[2],"2":[10],"3":[22],"4":[18],"5":[4],"6":[1],"7":[21],"8":[10],"9":[12]},"fnMap":{"0":{"name":"$$findRef","decl":{"start":{"line":8,"column":25},"end":{"line":50,"column":2}},"loc":{"start":{"line":8,"column":25},"end":{"line":50,"column":2}},"line":8},"1":{"name":"$findRef","decl":{"start":{"line":52,"column":24},"end":{"line":52,"column":76}},"loc":{"start":{"line":52,"column":24},"end":{"line":52,"column":76}},"line":52}},"f":{"0":12,"1":12}}
,"/home/runner/work/json-pointer/json-pointer/src/codegen/index.ts": {"path":"/home/runner/work/json-pointer/json-pointer/src/codegen/index.ts","all":true,"statementMap":{"0":{"start":{"line":1,"column":0},"end":{"line":1,"column":30}}},"s":{"0":0},"branchMap":{"0":{"type":"branch","line":1,"loc":{"start":{"line":1,"column":0},"end":{"line":2,"column":-1}},"locations":[{"start":{"line":1,"column":0},"end":{"line":2,"column":-1}}]}},"b":{"0":[0]},"fnMap":{"0":{"name":"(empty-report)","decl":{"start":{"line":1,"column":0},"end":{"line":2,"column":-1}},"loc":{"start":{"line":1,"column":0},"end":{"line":2,"column":-1}},"line":1}},"f":{"0":0}}
,"/home/runner/work/json-pointer/json-pointer/src/findByPointer/index.ts": {"path":"/home/runner/work/json-pointer/json-pointer/src/findByPointer/index.ts","all":true,"statementMap":{"0":{"start":{"line":1,"column":0},"end":{"line":1,"column":21}}},"s":{"0":0},"branchMap":{"0":{"type":"branch","line":1,"loc":{"start":{"line":1,"column":0},"end":{"line":1,"column":14}},"locations":[{"start":{"line":1,"column":0},"end":{"line":1,"column":14}}]}},"b":{"0":[0]},"fnMap":{"0":{"name":"(empty-report)","decl":{"start":{"line":1,"column":0},"end":{"line":1,"column":14}},"loc":{"start":{"line":1,"column":0},"end":{"line":1,"column":14}},"line":1}},"f":{"0":0}}
,"/home/runner/work/json-pointer/json-pointer/src/findByPointer/v1.ts": {"path":"/home/runner/work/json-pointer/json-pointer/src/findByPointer/v1.ts","all":false,"statementMap":{"0":{"start":{"line":1,"column":0},"end":{"line":1,"column":75}},"2":{"start":{"line":3,"column":0},"end":{"line":3,"column":56}},"4":{"start":{"line":5,"column":0},"end":{"line":5,"column":24}},"6":{"start":{"line":7,"column":0},"end":{"line":7,"column":76}},"7":{"start":{"line":8,"column":0},"end":{"line":8,"column":29}},"8":{"start":{"line":9,"column":0},"end":{"line":9,"column":28}},"9":{"start":{"line":10,"column":0},"end":{"line":10,"column":28}},"10":{"start":{"line":11,"column":0},"end":{"line":11,"column":23}},"11":{"start":{"line":12,"column":0},"end":{"line":12,"column":26}},"12":{"start":{"line":13,"column":0},"end":{"line":13,"column":29}},"13":{"start":{"line":14,"column":0},"end":{"line":14,"column":57}},"14":{"start":{"line":15,"column":0},"end":{"line":15,"column":29}},"15":{"start":{"line":16,"column":0},"end":{"line":16,"column":112}},"16":{"start":{"line":17,"column":0},"end":{"line":17,"column":39}},"17":{"start":{"line":18,"column":0},"end":{"line":18,"column":39}},"18":{"start":{"line":19,"column":0},"end":{"line":19,"column":14}},"19":{"start":{"line":20,"column":0},"end":{"line":20,"column":23}},"20":{"start":{"line":21,"column":0},"end":{"line":21,"column":40}},"21":{"start":{"line":22,"column":0},"end":{"line":22,"column":12}},"22":{"start":{"line":23,"column":0},"end":{"line":23,"column":65}},"23":{"start":{"line":24,"column":0},"end":{"line":24,"column":26}},"24":{"start":{"line":25,"column":0},"end":{"line":25,"column":54}},"25":{"start":{"line":26,"column":0},"end":{"line":26,"column":7}},"26":{"start":{"line":27,"column":0},"end":{"line":27,"column":57}},"27":{"start":{"line":28,"column":0},"end":{"line":28,"column":50}},"28":{"start":{"line":29,"column":0},"end":{"line":29,"column":66}},"29":{"start":{"line":30,"column":0},"end":{"line":30,"column":40}},"30":{"start":{"line":31,"column":0},"end":{"line":31,"column":3}},"31":{"start":{"line":32,"column":0},"end":{"line":32,"column":25}},"32":{"start":{"line":33,"column":0},"end":{"line":33,"column":2}}},"s":{"0":1,"2":1,"4":1,"6":1,"7":12,"8":10,"9":10,"10":10,"11":10,"12":12,"13":22,"14":22,"15":22,"16":22,"17":22,"18":22,"19":22,"20":5,"21":4,"22":4,"23":3,"24":4,"25":4,"26":5,"27":22,"28":16,"29":17,"30":22,"31":8,"32":8},"branchMap":{"0":{"type":"branch","line":7,"loc":{"start":{"line":7,"column":29},"end":{"line":33,"column":2}},"locations":[{"start":{"line":7,"column":29},"end":{"line":33,"column":2}}]},"1":{"type":"branch","line":8,"loc":{"start":{"line":8,"column":16},"end":{"line":8,"column":29}},"locations":[{"start":{"line":8,"column":16},"end":{"line":8,"column":29}}]},"2":{"type":"branch","line":8,"loc":{"start":{"line":8,"column":27},"end":{"line":13,"column":28}},"locations":[{"start":{"line":8,"column":27},"end":{"line":13,"column":28}}]},"3":{"type":"branch","line":13,"loc":{"start":{"line":13,"column":28},"end":{"line":31,"column":3}},"locations":[{"start":{"line":13,"column":28},"end":{"line":31,"column":3}}]},"4":{"type":"branch","line":16,"loc":{"start":{"line":16,"column":21},"end":{"line":16,"column":77}},"locations":[{"start":{"line":16,"column":21},"end":{"line":16,"column":77}}]},"5":{"type":"branch","line":16,"loc":{"start":{"line":16,"column":73},"end":{"line":16,"column":112}},"locations":[{"start":{"line":16,"column":73},"end":{"line":16,"column":112}}]},"6":{"type":"branch","line":20,"loc":{"start":{"line":20,"column":22},"end":{"line":28,"column":15}},"locations":[{"start":{"line":20,"column":22},"end":{"line":28,"column":15}}]},"7":{"type":"branch","line":21,"loc":{"start":{"line":21,"column":23},"end":{"line":21,"column":40}},"locations":[{"start":{"line":21,"column":23},"end":{"line":21,"column":40}}]},"8":{"type":"branch","line":21,"loc":{"start":{"line":21,"column":33},"end":{"line":27,"column":36}},"locations":[{"start":{"line":21,"column":33},"end":{"line":27,"column":36}}]},"9":{"type":"branch","line":23,"loc":{"start":{"line":23,"column":32},"end":{"line":23,"column":65}},"locations":[{"start":{"line":23,"column":32},"end":{"line":23,"column":65}}]},"10":{"type":"branch","line":23,"loc":{"start":{"line":23,"column":63},"end":{"line":25,"column":27}},"locations":[{"start":{"line":23,"column":63},"end":{"line":25,"column":27}}]},"11":{"type":"branch","line":25,"loc":{"start":{"line":25,"column":21},"end":{"line":25,"column":54}},"locations":[{"start":{"line":25,"column":21},"end":{"line":25,"column":54}}]},"12":{"type":"branch","line":27,"loc":{"start":{"line":27,"column":32},"end":{"line":27,"column":47}},"locations":[{"start":{"line":27,"column":32},"end":{"line":27,"column":47}}]},"13":{"type":"branch","line":27,"loc":{"start":{"line":27,"column":43},"end":{"line":27,"column":57}},"locations":[{"start":{"line":27,"column":43},"end":{"line":27,"column":57}}]},"14":{"type":"branch","line":28,"loc":{"start":{"line":28,"column":4},"end":{"line":30,"column":40}},"locations":[{"start":{"line":28,"column":4},"end":{"line":30,"column":40}}]},"15":{"type":"branch","line":28,"loc":{"start":{"line":28,"column":30},"end":{"line":28,"column":49}},"locations":[{"start":{"line":28,"column":30},"end":{"line":28,"column":49}}]},"16":{"type":"branch","line":28,"loc":{"start":{"line":28,"column":49},"end":{"line":30,"column":11}},"locations":[{"start":{"line":28,"column":49},"end":{"line":30,"column":11}}]},"17":{"type":"branch","line":29,"loc":{"start":{"line":29,"column":32},"end":{"line":29,"column":56}},"locations":[{"start":{"line":29,"column":32},"end":{"line":29,"column":56}}]},"18":{"type":"branch","line":29,"loc":{"start":{"line":29,"column":52},"end":{"line":29,"column":66}},"locations":[{"start":{"line":29,"column":52},"end":{"line":29,"column":66}}]},"19":{"type":"branch","line":30,"loc":{"start":{"line":30,"column":4},"end":{"line":30,"column":40}},"locations":[{"start":{"line":30,"column":4},"end":{"line":30,"column":40}}]},"20":{"type":"branch","line":31,"loc":{"start":{"line":31,"column":2},"end":{"line":33,"column":2}},"locations":[{"start":{"line":31,"column":2},"end":{"line":33,"column":2}}]}},"b":{"0":[12],"1":[2],"2":[10],"3":[22],"4":[12],"5":[10],"6":[5],"7":[1],"8":[4],"9":[1],"10":[3],"11":[0],"12":[1],"13":[3],"14":[17],"15":[16],"16":[16],"17":[14],"18":[2],"19":[1],"20":[8]},"fnMap":{"0":{"name":"findByPointer","decl":{"start":{"line":7,"column":29},"end":{"line":33,"column":2}},"loc":{"start":{"line":7,"column":29},"end":{"line":33,"column":2}},"line":7}},"f":{"0":12}}
,"/home/runner/work/json-pointer/json-pointer/src/findByPointer/v2.ts": {"path":"/home/runner/work/json-pointer/json-pointer/src/findByPointer/v2.ts","all":false,"statementMap":{"0":{"start":{"line":1,"column":0},"end":{"line":1,"column":75}},"2":{"start":{"line":3,"column":0},"end":{"line":3,"column":56}},"4":{"start":{"line":5,"column":0},"end":{"line":5,"column":24}},"6":{"start":{"line":7,"column":0},"end":{"line":7,"column":76}},"7":{"start":{"line":8,"column":0},"end":{"line":8,"column":29}},"8":{"start":{"line":9,"column":0},"end":{"line":9,"column":28}},"9":{"start":{"line":10,"column":0},"end":{"line":10,"column":28}},"10":{"start":{"line":11,"column":0},"end":{"line":11,"column":23}},"11":{"start":{"line":12,"column":0},"end":{"line":12,"column":30}},"12":{"start":{"line":13,"column":0},"end":{"line":13,"column":19}},"13":{"start":{"line":14,"column":0},"end":{"line":14,"column":40}},"14":{"start":{"line":15,"column":0},"end":{"line":15,"column":26}},"15":{"start":{"line":16,"column":0},"end":{"line":16,"column":28}},"16":{"start":{"line":17,"column":0},"end":{"line":17,"column":53}},"17":{"start":{"line":18,"column":0},"end":{"line":18,"column":52}},"18":{"start":{"line":19,"column":0},"end":{"line":19,"column":12}},"19":{"start":{"line":20,"column":0},"end":{"line":20,"column":26}},"20":{"start":{"line":21,"column":0},"end":{"line":21,"column":19}},"21":{"start":{"line":22,"column":0},"end":{"line":22,"column":5}},"22":{"start":{"line":23,"column":0},"end":{"line":23,"column":39}},"23":{"start":{"line":24,"column":0},"end":{"line":24,"column":14}},"24":{"start":{"line":25,"column":0},"end":{"line":25,"column":23}},"25":{"start":{"line":26,"column":0},"end":{"line":26,"column":40}},"26":{"start":{"line":27,"column":0},"end":{"line":27,"column":12}},"27":{"start":{"line":28,"column":0},"end":{"line":28,"column":65}},"28":{"start":{"line":29,"column":0},"end":{"line":29,"column":26}},"29":{"start":{"line":30,"column":0},"end":{"line":30,"column":54}},"30":{"start":{"line":31,"column":0},"end":{"line":31,"column":7}},"31":{"start":{"line":32,"column":0},"end":{"line":32,"column":57}},"32":{"start":{"line":33,"column":0},"end":{"line":33,"column":50}},"33":{"start":{"line":34,"column":0},"end":{"line":34,"column":66}},"34":{"start":{"line":35,"column":0},"end":{"line":35,"column":40}},"35":{"start":{"line":36,"column":0},"end":{"line":36,"column":3}},"36":{"start":{"line":37,"column":0},"end":{"line":37,"column":25}},"37":{"start":{"line":38,"column":0},"end":{"line":38,"column":2}}},"s":{"0":1,"2":1,"4":1,"6":1,"7":12,"8":10,"9":10,"10":10,"11":10,"12":12,"13":22,"14":22,"15":22,"16":12,"17":12,"18":22,"19":10,"20":10,"21":10,"22":22,"23":22,"24":22,"25":5,"26":4,"27":4,"28":3,"29":4,"30":4,"31":5,"32":22,"33":16,"34":17,"35":22,"36":8,"37":8},"branchMap":{"0":{"type":"branch","line":7,"loc":{"start":{"line":7,"column":29},"end":{"line":38,"column":2}},"locations":[{"start":{"line":7,"column":29},"end":{"line":38,"column":2}}]},"1":{"type":"branch","line":8,"loc":{"start":{"line":8,"column":16},"end":{"line":8,"column":29}},"locations":[{"start":{"line":8,"column":16},"end":{"line":8,"column":29}}]},"2":{"type":"branch","line":8,"loc":{"start":{"line":8,"column":27},"end":{"line":13,"column":18}},"locations":[{"start":{"line":8,"column":27},"end":{"line":13,"column":18}}]},"3":{"type":"branch","line":13,"loc":{"start":{"line":13,"column":18},"end":{"line":36,"column":3}},"locations":[{"start":{"line":13,"column":18},"end":{"line":36,"column":3}}]},"4":{"type":"branch","line":16,"loc":{"start":{"line":16,"column":27},"end":{"line":19,"column":11}},"locations":[{"start":{"line":16,"column":27},"end":{"line":19,"column":11}}]},"5":{"type":"branch","line":19,"loc":{"start":{"line":19,"column":4},"end":{"line":22,"column":5}},"locations":[{"start":{"line":19,"column":4},"end":{"line":22,"column":5}}]},"6":{"type":"branch","line":25,"loc":{"start":{"line":25,"column":22},"end":{"line":33,"column":15}},"locations":[{"start":{"line":25,"column":22},"end":{"line":33,"column":15}}]},"7":{"type":"branch","line":26,"loc":{"start":{"line":26,"column":23},"end":{"line":26,"column":40}},"locations":[{"start":{"line":26,"column":23},"end":{"line":26,"column":40}}]},"8":{"type":"branch","line":26,"loc":{"start":{"line":26,"column":33},"end":{"line":32,"column":36}},"locations":[{"start":{"line":26,"column":33},"end":{"line":32,"column":36}}]},"9":{"type":"branch","line":28,"loc":{"start":{"line":28,"column":32},"end":{"line":28,"column":65}},"locations":[{"start":{"line":28,"column":32},"end":{"line":28,"column":65}}]},"10":{"type":"branch","line":28,"loc":{"start":{"line":28,"column":63},"end":{"line":30,"column":27}},"locations":[{"start":{"line":28,"column":63},"end":{"line":30,"column":27}}]},"11":{"type":"branch","line":30,"loc":{"start":{"line":30,"column":21},"end":{"line":30,"column":54}},"locations":[{"start":{"line":30,"column":21},"end":{"line":30,"column":54}}]},"12":{"type":"branch","line":32,"loc":{"start":{"line":32,"column":32},"end":{"line":32,"column":47}},"locations":[{"start":{"line":32,"column":32},"end":{"line":32,"column":47}}]},"13":{"type":"branch","line":32,"loc":{"start":{"line":32,"column":43},"end":{"line":32,"column":57}},"locations":[{"start":{"line":32,"column":43},"end":{"line":32,"column":57}}]},"14":{"type":"branch","line":33,"loc":{"start":{"line":33,"column":4},"end":{"line":35,"column":40}},"locations":[{"start":{"line":33,"column":4},"end":{"line":35,"column":40}}]},"15":{"type":"branch","line":33,"loc":{"start":{"line":33,"column":30},"end":{"line":33,"column":49}},"locations":[{"start":{"line":33,"column":30},"end":{"line":33,"column":49}}]},"16":{"type":"branch","line":33,"loc":{"start":{"line":33,"column":49},"end":{"line":35,"column":11}},"locations":[{"start":{"line":33,"column":49},"end":{"line":35,"column":11}}]},"17":{"type":"branch","line":34,"loc":{"start":{"line":34,"column":32},"end":{"line":34,"column":56}},"locations":[{"start":{"line":34,"column":32},"end":{"line":34,"column":56}}]},"18":{"type":"branch","line":34,"loc":{"start":{"line":34,"column":52},"end":{"line":34,"column":66}},"locations":[{"start":{"line":34,"column":52},"end":{"line":34,"column":66}}]},"19":{"type":"branch","line":35,"loc":{"start":{"line":35,"column":4},"end":{"line":35,"column":40}},"locations":[{"start":{"line":35,"column":4},"end":{"line":35,"column":40}}]},"20":{"type":"branch","line":36,"loc":{"start":{"line":36,"column":2},"end":{"line":38,"column":2}},"locations":[{"start":{"line":36,"column":2},"end":{"line":38,"column":2}}]}},"b":{"0":[12],"1":[2],"2":[10],"3":[22],"4":[12],"5":[10],"6":[5],"7":[1],"8":[4],"9":[1],"10":[3],"11":[0],"12":[1],"13":[3],"14":[17],"15":[16],"16":[16],"17":[14],"18":[2],"19":[1],"20":[8]},"fnMap":{"0":{"name":"findByPointer","decl":{"start":{"line":7,"column":29},"end":{"line":38,"column":2}},"loc":{"start":{"line":7,"column":29},"end":{"line":38,"column":2}},"line":7}},"f":{"0":12}}
,"/home/runner/work/json-pointer/json-pointer/src/findByPointer/v3.ts": {"path":"/home/runner/work/json-pointer/json-pointer/src/findByPointer/v3.ts","all":false,"statementMap":{"0":{"start":{"line":1,"column":0},"end":{"line":1,"column":75}},"2":{"start":{"line":3,"column":0},"end":{"line":3,"column":53}},"4":{"start":{"line":5,"column":0},"end":{"line":5,"column":24}},"6":{"start":{"line":7,"column":0},"end":{"line":7,"column":76}},"7":{"start":{"line":8,"column":0},"end":{"line":8,"column":29}},"8":{"start":{"line":9,"column":0},"end":{"line":9,"column":28}},"9":{"start":{"line":10,"column":0},"end":{"line":10,"column":28}},"10":{"start":{"line":11,"column":0},"end":{"line":11,"column":23}},"11":{"start":{"line":12,"column":0},"end":{"line":12,"column":30}},"12":{"start":{"line":13,"column":0},"end":{"line":13,"column":19}},"13":{"start":{"line":14,"column":0},"end":{"line":14,"column":40}},"14":{"start":{"line":15,"column":0},"end":{"line":15,"column":26}},"15":{"start":{"line":16,"column":0},"end":{"line":16,"column":28}},"16":{"start":{"line":17,"column":0},"end":{"line":17,"column":53}},"17":{"start":{"line":18,"column":0},"end":{"line":18,"column":52}},"18":{"start":{"line":19,"column":0},"end":{"line":19,"column":12}},"19":{"start":{"line":20,"column":0},"end":{"line":20,"column":26}},"20":{"start":{"line":21,"column":0},"end":{"line":21,"column":19}},"21":{"start":{"line":22,"column":0},"end":{"line":22,"column":5}},"22":{"start":{"line":23,"column":0},"end":{"line":23,"column":39}},"23":{"start":{"line":24,"column":0},"end":{"line":24,"column":14}},"24":{"start":{"line":25,"column":0},"end":{"line":25,"column":23}},"25":{"start":{"line":26,"column":0},"end":{"line":26,"column":40}},"26":{"start":{"line":27,"column":0},"end":{"line":27,"column":12}},"27":{"start":{"line":28,"column":0},"end":{"line":28,"column":62}},"28":{"start":{"line":29,"column":0},"end":{"line":29,"column":26}},"29":{"start":{"line":30,"column":0},"end":{"line":30,"column":54}},"30":{"start":{"line":31,"column":0},"end":{"line":31,"column":7}},"31":{"start":{"line":32,"column":0},"end":{"line":32,"column":57}},"32":{"start":{"line":33,"column":0},"end":{"line":33,"column":50}},"33":{"start":{"line":34,"column":0},"end":{"line":34,"column":66}},"34":{"start":{"line":35,"column":0},"end":{"line":35,"column":40}},"35":{"start":{"line":36,"column":0},"end":{"line":36,"column":3}},"36":{"start":{"line":37,"column":0},"end":{"line":37,"column":25}},"37":{"start":{"line":38,"column":0},"end":{"line":38,"column":2}}},"s":{"0":1,"2":1,"4":1,"6":1,"7":12,"8":10,"9":10,"10":10,"11":10,"12":12,"13":22,"14":22,"15":22,"16":12,"17":12,"18":22,"19":10,"20":10,"21":10,"22":22,"23":22,"24":22,"25":5,"26":4,"27":4,"28":3,"29":4,"30":4,"31":5,"32":22,"33":16,"34":17,"35":22,"36":8,"37":8},"branchMap":{"0":{"type":"branch","line":7,"loc":{"start":{"line":7,"column":29},"end":{"line":38,"column":2}},"locations":[{"start":{"line":7,"column":29},"end":{"line":38,"column":2}}]},"1":{"type":"branch","line":8,"loc":{"start":{"line":8,"column":16},"end":{"line":8,"column":29}},"locations":[{"start":{"line":8,"column":16},"end":{"line":8,"column":29}}]},"2":{"type":"branch","line":8,"loc":{"start":{"line":8,"column":27},"end":{"line":13,"column":18}},"locations":[{"start":{"line":8,"column":27},"end":{"line":13,"column":18}}]},"3":{"type":"branch","line":13,"loc":{"start":{"line":13,"column":18},"end":{"line":36,"column":3}},"locations":[{"start":{"line":13,"column":18},"end":{"line":36,"column":3}}]},"4":{"type":"branch","line":16,"loc":{"start":{"line":16,"column":27},"end":{"line":19,"column":11}},"locations":[{"start":{"line":16,"column":27},"end":{"line":19,"column":11}}]},"5":{"type":"branch","line":19,"loc":{"start":{"line":19,"column":4},"end":{"line":22,"column":5}},"locations":[{"start":{"line":19,"column":4},"end":{"line":22,"column":5}}]},"6":{"type":"branch","line":25,"loc":{"start":{"line":25,"column":22},"end":{"line":33,"column":15}},"locations":[{"start":{"line":25,"column":22},"end":{"line":33,"column":15}}]},"7":{"type":"branch","line":26,"loc":{"start":{"line":26,"column":23},"end":{"line":26,"column":40}},"locations":[{"start":{"line":26,"column":23},"end":{"line":26,"column":40}}]},"8":{"type":"branch","line":26,"loc":{"start":{"line":26,"column":33},"end":{"line":32,"column":36}},"locations":[{"start":{"line":26,"column":33},"end":{"line":32,"column":36}}]},"9":{"type":"branch","line":28,"loc":{"start":{"line":28,"column":29},"end":{"line":28,"column":62}},"locations":[{"start":{"line":28,"column":29},"end":{"line":28,"column":62}}]},"10":{"type":"branch","line":28,"loc":{"start":{"line":28,"column":60},"end":{"line":30,"column":27}},"locations":[{"start":{"line":28,"column":60},"end":{"line":30,"column":27}}]},"11":{"type":"branch","line":30,"loc":{"start":{"line":30,"column":21},"end":{"line":30,"column":54}},"locations":[{"start":{"line":30,"column":21},"end":{"line":30,"column":54}}]},"12":{"type":"branch","line":32,"loc":{"start":{"line":32,"column":32},"end":{"line":32,"column":47}},"locations":[{"start":{"line":32,"column":32},"end":{"line":32,"column":47}}]},"13":{"type":"branch","line":32,"loc":{"start":{"line":32,"column":43},"end":{"line":32,"column":57}},"locations":[{"start":{"line":32,"column":43},"end":{"line":32,"column":57}}]},"14":{"type":"branch","line":33,"loc":{"start":{"line":33,"column":4},"end":{"line":35,"column":40}},"locations":[{"start":{"line":33,"column":4},"end":{"line":35,"column":40}}]},"15":{"type":"branch","line":33,"loc":{"start":{"line":33,"column":30},"end":{"line":33,"column":49}},"locations":[{"start":{"line":33,"column":30},"end":{"line":33,"column":49}}]},"16":{"type":"branch","line":33,"loc":{"start":{"line":33,"column":49},"end":{"line":35,"column":11}},"locations":[{"start":{"line":33,"column":49},"end":{"line":35,"column":11}}]},"17":{"type":"branch","line":34,"loc":{"start":{"line":34,"column":32},"end":{"line":34,"column":56}},"locations":[{"start":{"line":34,"column":32},"end":{"line":34,"column":56}}]},"18":{"type":"branch","line":34,"loc":{"start":{"line":34,"column":52},"end":{"line":34,"column":66}},"locations":[{"start":{"line":34,"column":52},"end":{"line":34,"column":66}}]},"19":{"type":"branch","line":35,"loc":{"start":{"line":35,"column":4},"end":{"line":35,"column":40}},"locations":[{"start":{"line":35,"column":4},"end":{"line":35,"column":40}}]},"20":{"type":"branch","line":36,"loc":{"start":{"line":36,"column":2},"end":{"line":38,"column":2}},"locations":[{"start":{"line":36,"column":2},"end":{"line":38,"column":2}}]}},"b":{"0":[12],"1":[2],"2":[10],"3":[22],"4":[12],"5":[10],"6":[5],"7":[1],"8":[4],"9":[1],"10":[3],"11":[0],"12":[1],"13":[3],"14":[17],"15":[16],"16":[16],"17":[14],"18":[2],"19":[1],"20":[8]},"fnMap":{"0":{"name":"findByPointer","decl":{"start":{"line":7,"column":29},"end":{"line":38,"column":2}},"loc":{"start":{"line":7,"column":29},"end":{"line":38,"column":2}},"line":7}},"f":{"0":12}}
,"/home/runner/work/json-pointer/json-pointer/src/findByPointer/v4.ts": {"path":"/home/runner/work/json-pointer/json-pointer/src/findByPointer/v4.ts","all":false,"statementMap":{"0":{"start":{"line":1,"column":0},"end":{"line":1,"column":75}},"2":{"start":{"line":3,"column":0},"end":{"line":3,"column":42}},"4":{"start":{"line":5,"column":0},"end":{"line":5,"column":24}},"6":{"start":{"line":7,"column":0},"end":{"line":7,"column":76}},"7":{"start":{"line":8,"column":0},"end":{"line":8,"column":29}},"8":{"start":{"line":9,"column":0},"end":{"line":9,"column":28}},"9":{"start":{"line":10,"column":0},"end":{"line":10,"column":28}},"10":{"start":{"line":11,"column":0},"end":{"line":11,"column":23}},"11":{"start":{"line":12,"column":0},"end":{"line":12,"column":26}},"12":{"start":{"line":13,"column":0},"end":{"line":13,"column":29}},"13":{"start":{"line":14,"column":0},"end":{"line":14,"column":57}},"14":{"start":{"line":15,"column":0},"end":{"line":15,"column":29}},"15":{"start":{"line":16,"column":0},"end":{"line":16,"column":112}},"16":{"start":{"line":17,"column":0},"end":{"line":17,"column":39}},"17":{"start":{"line":18,"column":0},"end":{"line":18,"column":39}},"18":{"start":{"line":19,"column":0},"end":{"line":19,"column":14}},"19":{"start":{"line":20,"column":0},"end":{"line":20,"column":23}},"20":{"start":{"line":21,"column":0},"end":{"line":21,"column":40}},"21":{"start":{"line":22,"column":0},"end":{"line":22,"column":12}},"23":{"start":{"line":24,"column":0},"end":{"line":24,"column":20}},"24":{"start":{"line":25,"column":0},"end":{"line":25,"column":54}},"25":{"start":{"line":26,"column":0},"end":{"line":26,"column":7}},"26":{"start":{"line":27,"column":0},"end":{"line":27,"column":58}},"27":{"start":{"line":28,"column":0},"end":{"line":28,"column":50}},"28":{"start":{"line":29,"column":0},"end":{"line":29,"column":58}},"29":{"start":{"line":30,"column":0},"end":{"line":30,"column":40}},"30":{"start":{"line":31,"column":0},"end":{"line":31,"column":3}},"31":{"start":{"line":32,"column":0},"end":{"line":32,"column":25}},"32":{"start":{"line":33,"column":0},"end":{"line":33,"column":2}}},"s":{"0":1,"2":1,"4":1,"6":1,"7":12,"8":10,"9":10,"10":10,"11":10,"12":12,"13":22,"14":22,"15":22,"16":22,"17":22,"18":22,"19":22,"20":5,"21":4,"23":4,"24":4,"25":4,"26":5,"27":22,"28":16,"29":17,"30":22,"31":8,"32":8},"branchMap":{"0":{"type":"branch","line":7,"loc":{"start":{"line":7,"column":29},"end":{"line":33,"column":2}},"locations":[{"start":{"line":7,"column":29},"end":{"line":33,"column":2}}]},"1":{"type":"branch","line":8,"loc":{"start":{"line":8,"column":16},"end":{"line":8,"column":29}},"locations":[{"start":{"line":8,"column":16},"end":{"line":8,"column":29}}]},"2":{"type":"branch","line":8,"loc":{"start":{"line":8,"column":27},"end":{"line":13,"column":28}},"locations":[{"start":{"line":8,"column":27},"end":{"line":13,"column":28}}]},"3":{"type":"branch","line":13,"loc":{"start":{"line":13,"column":28},"end":{"line":31,"column":3}},"locations":[{"start":{"line":13,"column":28},"end":{"line":31,"column":3}}]},"4":{"type":"branch","line":16,"loc":{"start":{"line":16,"column":21},"end":{"line":16,"column":77}},"locations":[{"start":{"line":16,"column":21},"end":{"line":16,"column":77}}]},"5":{"type":"branch","line":16,"loc":{"start":{"line":16,"column":73},"end":{"line":16,"column":112}},"locations":[{"start":{"line":16,"column":73},"end":{"line":16,"column":112}}]},"6":{"type":"branch","line":20,"loc":{"start":{"line":20,"column":22},"end":{"line":28,"column":15}},"locations":[{"start":{"line":20,"column":22},"end":{"line":28,"column":15}}]},"7":{"type":"branch","line":21,"loc":{"start":{"line":21,"column":23},"end":{"line":21,"column":40}},"locations":[{"start":{"line":21,"column":23},"end":{"line":21,"column":40}}]},"8":{"type":"branch","line":21,"loc":{"start":{"line":21,"column":33},"end":{"line":27,"column":35}},"locations":[{"start":{"line":21,"column":33},"end":{"line":27,"column":35}}]},"9":{"type":"branch","line":25,"loc":{"start":{"line":25,"column":21},"end":{"line":25,"column":54}},"locations":[{"start":{"line":25,"column":21},"end":{"line":25,"column":54}}]},"10":{"type":"branch","line":27,"loc":{"start":{"line":27,"column":31},"end":{"line":27,"column":48}},"locations":[{"start":{"line":27,"column":31},"end":{"line":27,"column":48}}]},"11":{"type":"branch","line":27,"loc":{"start":{"line":27,"column":44},"end":{"line":27,"column":58}},"locations":[{"start":{"line":27,"column":44},"end":{"line":27,"column":58}}]},"12":{"type":"branch","line":28,"loc":{"start":{"line":28,"column":4},"end":{"line":30,"column":40}},"locations":[{"start":{"line":28,"column":4},"end":{"line":30,"column":40}}]},"13":{"type":"branch","line":28,"loc":{"start":{"line":28,"column":30},"end":{"line":28,"column":49}},"locations":[{"start":{"line":28,"column":30},"end":{"line":28,"column":49}}]},"14":{"type":"branch","line":28,"loc":{"start":{"line":28,"column":49},"end":{"line":30,"column":11}},"locations":[{"start":{"line":28,"column":49},"end":{"line":30,"column":11}}]},"15":{"type":"branch","line":29,"loc":{"start":{"line":29,"column":24},"end":{"line":29,"column":48}},"locations":[{"start":{"line":29,"column":24},"end":{"line":29,"column":48}}]},"16":{"type":"branch","line":29,"loc":{"start":{"line":29,"column":44},"end":{"line":29,"column":58}},"locations":[{"start":{"line":29,"column":44},"end":{"line":29,"column":58}}]},"17":{"type":"branch","line":30,"loc":{"start":{"line":30,"column":4},"end":{"line":30,"column":40}},"locations":[{"start":{"line":30,"column":4},"end":{"line":30,"column":40}}]},"18":{"type":"branch","line":31,"loc":{"start":{"line":31,"column":2},"end":{"line":33,"column":2}},"locations":[{"start":{"line":31,"column":2},"end":{"line":33,"column":2}}]}},"b":{"0":[12],"1":[2],"2":[10],"3":[22],"4":[12],"5":[10],"6":[5],"7":[1],"8":[4],"9":[1],"10":[1],"11":[3],"12":[17],"13":[16],"14":[16],"15":[14],"16":[2],"17":[1],"18":[8]},"fnMap":{"0":{"name":"findByPointer","decl":{"start":{"line":7,"column":29},"end":{"line":33,"column":2}},"loc":{"start":{"line":7,"column":29},"end":{"line":33,"column":2}},"line":7}},"f":{"0":12}}
,"/home/runner/work/json-pointer/json-pointer/src/findByPointer/v5.ts": {"path":"/home/runner/work/json-pointer/json-pointer/src/findByPointer/v5.ts","all":false,"statementMap":{"0":{"start":{"line":1,"column":0},"end":{"line":1,"column":36}},"2":{"start":{"line":3,"column":0},"end":{"line":3,"column":75}},"4":{"start":{"line":5,"column":0},"end":{"line":5,"column":42}},"6":{"start":{"line":7,"column":0},"end":{"line":7,"column":24}},"8":{"start":{"line":9,"column":0},"end":{"line":9,"column":76}},"9":{"start":{"line":10,"column":0},"end":{"line":10,"column":29}},"10":{"start":{"line":11,"column":0},"end":{"line":11,"column":28}},"11":{"start":{"line":12,"column":0},"end":{"line":12,"column":28}},"12":{"start":{"line":13,"column":0},"end":{"line":13,"column":23}},"13":{"start":{"line":14,"column":0},"end":{"line":14,"column":26}},"14":{"start":{"line":15,"column":0},"end":{"line":15,"column":29}},"15":{"start":{"line":16,"column":0},"end":{"line":16,"column":57}},"16":{"start":{"line":17,"column":0},"end":{"line":17,"column":116}},"17":{"start":{"line":18,"column":0},"end":{"line":18,"column":39}},"18":{"start":{"line":19,"column":0},"end":{"line":19,"column":14}},"19":{"start":{"line":20,"column":0},"end":{"line":20,"column":23}},"20":{"start":{"line":21,"column":0},"end":{"line":21,"column":32}},"21":{"start":{"line":22,"column":0},"end":{"line":22,"column":36}},"22":{"start":{"line":23,"column":0},"end":{"line":23,"column":12}},"23":{"start":{"line":24,"column":0},"end":{"line":24,"column":27}},"24":{"start":{"line":25,"column":0},"end":{"line":25,"column":64}},"25":{"start":{"line":26,"column":0},"end":{"line":26,"column":19}},"26":{"start":{"line":27,"column":0},"end":{"line":27,"column":43}},"27":{"start":{"line":28,"column":0},"end":{"line":28,"column":7}},"28":{"start":{"line":29,"column":0},"end":{"line":29,"column":21}},"29":{"start":{"line":30,"column":0},"end":{"line":30,"column":50}},"30":{"start":{"line":31,"column":0},"end":{"line":31,"column":35}},"31":{"start":{"line":32,"column":0},"end":{"line":32,"column":58}},"32":{"start":{"line":33,"column":0},"end":{"line":33,"column":29}},"33":{"start":{"line":34,"column":0},"end":{"line":34,"column":3}},"34":{"start":{"line":35,"column":0},"end":{"line":35,"column":25}},"35":{"start":{"line":36,"column":0},"end":{"line":36,"column":2}}},"s":{"0":1,"2":1,"4":1,"6":1,"8":1,"9":12,"10":10,"11":10,"12":10,"13":10,"14":12,"15":22,"16":22,"17":22,"18":22,"19":22,"20":5,"21":5,"22":4,"23":4,"24":4,"25":4,"26":4,"27":4,"28":4,"29":22,"30":16,"31":16,"32":17,"33":22,"34":8,"35":8},"branchMap":{"0":{"type":"branch","line":9,"loc":{"start":{"line":9,"column":29},"end":{"line":36,"column":2}},"locations":[{"start":{"line":9,"column":29},"end":{"line":36,"column":2}}]},"1":{"type":"branch","line":10,"loc":{"start":{"line":10,"column":16},"end":{"line":10,"column":29}},"locations":[{"start":{"line":10,"column":16},"end":{"line":10,"column":29}}]},"2":{"type":"branch","line":10,"loc":{"start":{"line":10,"column":27},"end":{"line":15,"column":28}},"locations":[{"start":{"line":10,"column":27},"end":{"line":15,"column":28}}]},"3":{"type":"branch","line":15,"loc":{"start":{"line":15,"column":28},"end":{"line":34,"column":3}},"locations":[{"start":{"line":15,"column":28},"end":{"line":34,"column":3}}]},"4":{"type":"branch","line":17,"loc":{"start":{"line":17,"column":25},"end":{"line":17,"column":81}},"locations":[{"start":{"line":17,"column":25},"end":{"line":17,"column":81}}]},"5":{"type":"branch","line":17,"loc":{"start":{"line":17,"column":77},"end":{"line":17,"column":116}},"locations":[{"start":{"line":17,"column":77},"end":{"line":17,"column":116}}]},"6":{"type":"branch","line":20,"loc":{"start":{"line":20,"column":22},"end":{"line":30,"column":15}},"locations":[{"start":{"line":20,"column":22},"end":{"line":30,"column":15}}]},"7":{"type":"branch","line":22,"loc":{"start":{"line":22,"column":23},"end":{"line":22,"column":36}},"locations":[{"start":{"line":22,"column":23},"end":{"line":22,"column":36}}]},"8":{"type":"branch","line":22,"loc":{"start":{"line":22,"column":29},"end":{"line":30,"column":15}},"locations":[{"start":{"line":22,"column":29},"end":{"line":30,"column":15}}]},"9":{"type":"branch","line":25,"loc":{"start":{"line":25,"column":31},"end":{"line":25,"column":64}},"locations":[{"start":{"line":25,"column":31},"end":{"line":25,"column":64}}]},"10":{"type":"branch","line":27,"loc":{"start":{"line":27,"column":21},"end":{"line":27,"column":43}},"locations":[{"start":{"line":27,"column":21},"end":{"line":27,"column":43}}]},"11":{"type":"branch","line":30,"loc":{"start":{"line":30,"column":4},"end":{"line":33,"column":29}},"locations":[{"start":{"line":30,"column":4},"end":{"line":33,"column":29}}]},"12":{"type":"branch","line":30,"loc":{"start":{"line":30,"column":30},"end":{"line":30,"column":49}},"locations":[{"start":{"line":30,"column":30},"end":{"line":30,"column":49}}]},"13":{"type":"branch","line":30,"loc":{"start":{"line":30,"column":49},"end":{"line":33,"column":11}},"locations":[{"start":{"line":30,"column":49},"end":{"line":33,"column":11}}]},"14":{"type":"branch","line":32,"loc":{"start":{"line":32,"column":24},"end":{"line":32,"column":48}},"locations":[{"start":{"line":32,"column":24},"end":{"line":32,"column":48}}]},"15":{"type":"branch","line":32,"loc":{"start":{"line":32,"column":44},"end":{"line":32,"column":58}},"locations":[{"start":{"line":32,"column":44},"end":{"line":32,"column":58}}]},"16":{"type":"branch","line":33,"loc":{"start":{"line":33,"column":4},"end":{"line":33,"column":29}},"locations":[{"start":{"line":33,"column":4},"end":{"line":33,"column":29}}]},"17":{"type":"branch","line":34,"loc":{"start":{"line":34,"column":2},"end":{"line":36,"column":2}},"locations":[{"start":{"line":34,"column":2},"end":{"line":36,"column":2}}]}},"b":{"0":[12],"1":[2],"2":[10],"3":[22],"4":[12],"5":[10],"6":[5],"7":[1],"8":[4],"9":[0],"10":[1],"11":[17],"12":[16],"13":[16],"14":[14],"15":[2],"16":[1],"17":[8]},"fnMap":{"0":{"name":"findByPointer","decl":{"start":{"line":9,"column":29},"end":{"line":36,"column":2}},"loc":{"start":{"line":9,"column":29},"end":{"line":36,"column":2}},"line":9}},"f":{"0":12}}
,"/home/runner/work/json-pointer/json-pointer/src/findByPointer/v6.ts": {"path":"/home/runner/work/json-pointer/json-pointer/src/findByPointer/v6.ts","all":true,"statementMap":{"0":{"start":{"line":1,"column":0},"end":{"line":1,"column":36}},"2":{"start":{"line":3,"column":0},"end":{"line":3,"column":75}},"4":{"start":{"line":5,"column":0},"end":{"line":5,"column":42}},"6":{"start":{"line":7,"column":0},"end":{"line":7,"column":24}},"8":{"start":{"line":9,"column":0},"end":{"line":9,"column":103}},"9":{"start":{"line":10,"column":0},"end":{"line":10,"column":33}},"10":{"start":{"line":11,"column":0},"end":{"line":11,"column":28}},"11":{"start":{"line":12,"column":0},"end":{"line":12,"column":28}},"12":{"start":{"line":13,"column":0},"end":{"line":13,"column":23}},"13":{"start":{"line":14,"column":0},"end":{"line":14,"column":26}},"14":{"start":{"line":15,"column":0},"end":{"line":15,"column":29}},"15":{"start":{"line":16,"column":0},"end":{"line":16,"column":57}},"16":{"start":{"line":17,"column":0},"end":{"line":17,"column":116}},"17":{"start":{"line":18,"column":0},"end":{"line":18,"column":39}},"18":{"start":{"line":19,"column":0},"end":{"line":19,"column":14}},"19":{"start":{"line":20,"column":0},"end":{"line":20,"column":23}},"20":{"start":{"line":21,"column":0},"end":{"line":21,"column":40}},"21":{"start":{"line":22,"column":0},"end":{"line":22,"column":12}},"22":{"start":{"line":23,"column":0},"end":{"line":23,"column":20}},"23":{"start":{"line":24,"column":0},"end":{"line":24,"column":43}},"24":{"start":{"line":25,"column":0},"end":{"line":25,"column":7}},"25":{"start":{"line":26,"column":0},"end":{"line":26,"column":21}},"26":{"start":{"line":27,"column":0},"end":{"line":27,"column":50}},"27":{"start":{"line":28,"column":0},"end":{"line":28,"column":35}},"28":{"start":{"line":29,"column":0},"end":{"line":29,"column":58}},"29":{"start":{"line":30,"column":0},"end":{"line":30,"column":29}},"30":{"start":{"line":31,"column":0},"end":{"line":31,"column":3}},"31":{"start":{"line":32,"column":0},"end":{"line":32,"column":20}},"32":{"start":{"line":33,"column":0},"end":{"line":33,"column":2}}},"s":{"0":0,"2":0,"4":0,"6":0,"8":0,"9":0,"10":0,"11":0,"12":0,"13":0,"14":0,"15":0,"16":0,"17":0,"18":0,"19":0,"20":0,"21":0,"22":0,"23":0,"24":0,"25":0,"26":0,"27":0,"28":0,"29":0,"30":0,"31":0,"32":0},"branchMap":{"0":{"type":"branch","line":1,"loc":{"start":{"line":1,"column":1107},"end":{"line":33,"column":2}},"locations":[{"start":{"line":1,"column":1107},"end":{"line":33,"column":2}}]}},"b":{"0":[0]},"fnMap":{"0":{"name":"(empty-report)","decl":{"start":{"line":1,"column":1107},"end":{"line":33,"column":2}},"loc":{"start":{"line":1,"column":1107},"end":{"line":33,"column":2}},"line":1}},"f":{"0":0}}
,"/home/runner/work/json-pointer/json-pointer/typedocs/assets/icons.js": {"path":"/home/runner/work/json-pointer/json-pointer/typedocs/assets/icons.js","all":true,"statementMap":{"0":{"start":{"line":1,"column":0},"end":{"line":1,"column":16}},"1":{"start":{"line":2,"column":0},"end":{"line":2,"column":14429}},"2":{"start":{"line":3,"column":0},"end":{"line":3,"column":31}},"3":{"start":{"line":4,"column":0},"end":{"line":4,"column":40}},"4":{"start":{"line":5,"column":0},"end":{"line":5,"column":112}},"5":{"start":{"line":6,"column":0},"end":{"line":6,"column":32}},"6":{"start":{"line":7,"column":0},"end":{"line":7,"column":38}},"7":{"start":{"line":8,"column":0},"end":{"line":8,"column":60}},"8":{"start":{"line":9,"column":0},"end":{"line":9,"column":65}},"9":{"start":{"line":10,"column":0},"end":{"line":10,"column":89}},"10":{"start":{"line":11,"column":0},"end":{"line":11,"column":17}},"11":{"start":{"line":12,"column":0},"end":{"line":12,"column":15}},"12":{"start":{"line":13,"column":0},"end":{"line":13,"column":9}},"13":{"start":{"line":14,"column":0},"end":{"line":14,"column":5}},"14":{"start":{"line":15,"column":0},"end":{"line":15,"column":92}}},"s":{"0":0,"1":0,"2":0,"3":0,"4":0,"5":0,"6":0,"7":0,"8":0,"9":0,"10":0,"11":0,"12":0,"13":0,"14":0},"branchMap":{"0":{"type":"branch","line":1,"loc":{"start":{"line":1,"column":0},"end":{"line":15,"column":92}},"locations":[{"start":{"line":1,"column":0},"end":{"line":15,"column":92}}]}},"b":{"0":[0]},"fnMap":{"0":{"name":"(empty-report)","decl":{"start":{"line":1,"column":0},"end":{"line":15,"column":92}},"loc":{"start":{"line":1,"column":0},"end":{"line":15,"column":92}},"line":1}},"f":{"0":0}}
,"/home/runner/work/json-pointer/json-pointer/typedocs/assets/main.js": {"path":"/home/runner/work/json-pointer/json-pointer/typedocs/assets/main.js","all":true,"statementMap":{"0":{"start":{"line":1,"column":0},"end":{"line":1,"column":13}},"1":{"start":{"line":2,"column":0},"end":{"line":2,"column":3988}},"2":{"start":{"line":3,"column":0},"end":{"line":3,"column":31009}},"3":{"start":{"line":4,"column":0},"end":{"line":4,"column":3565}},"4":{"start":{"line":5,"column":0},"end":{"line":5,"column":3108}},"5":{"start":{"line":6,"column":0},"end":{"line":6,"column":32}},"6":{"start":{"line":7,"column":0},"end":{"line":7,"column":0}},"7":{"start":{"line":8,"column":0},"end":{"line":8,"column":13}},"8":{"start":{"line":9,"column":0},"end":{"line":9,"column":5}},"9":{"start":{"line":10,"column":0},"end":{"line":10,"column":91}},"10":{"start":{"line":11,"column":0},"end":{"line":11,"column":42}},"11":{"start":{"line":12,"column":0},"end":{"line":12,"column":17}},"12":{"start":{"line":13,"column":0},"end":{"line":13,"column":5}},"13":{"start":{"line":14,"column":0},"end":{"line":14,"column":5}},"14":{"start":{"line":15,"column":0},"end":{"line":15,"column":15}},"15":{"start":{"line":16,"column":0},"end":{"line":16,"column":42}},"16":{"start":{"line":17,"column":0},"end":{"line":17,"column":5}},"17":{"start":{"line":18,"column":0},"end":{"line":18,"column":5}},"18":{"start":{"line":19,"column":0},"end":{"line":19,"column":13}},"19":{"start":{"line":20,"column":0},"end":{"line":20,"column":42}},"20":{"start":{"line":21,"column":0},"end":{"line":21,"column":5}},"21":{"start":{"line":22,"column":0},"end":{"line":22,"column":5}},"22":{"start":{"line":23,"column":0},"end":{"line":23,"column":19}},"23":{"start":{"line":24,"column":0},"end":{"line":24,"column":42}},"24":{"start":{"line":25,"column":0},"end":{"line":25,"column":5}},"25":{"start":{"line":26,"column":0},"end":{"line":26,"column":5}},"26":{"start":{"line":27,"column":0},"end":{"line":27,"column":18}},"27":{"start":{"line":28,"column":0},"end":{"line":28,"column":42}},"28":{"start":{"line":29,"column":0},"end":{"line":29,"column":5}},"29":{"start":{"line":30,"column":0},"end":{"line":30,"column":5}},"30":{"start":{"line":31,"column":0},"end":{"line":31,"column":16}},"31":{"start":{"line":32,"column":0},"end":{"line":32,"column":42}},"32":{"start":{"line":33,"column":0},"end":{"line":33,"column":5}},"33":{"start":{"line":34,"column":0},"end":{"line":34,"column":5}},"34":{"start":{"line":35,"column":0},"end":{"line":35,"column":17}},"35":{"start":{"line":36,"column":0},"end":{"line":36,"column":42}},"36":{"start":{"line":37,"column":0},"end":{"line":37,"column":74}},"37":{"start":{"line":38,"column":0},"end":{"line":38,"column":5}},"38":{"start":{"line":39,"column":0},"end":{"line":39,"column":5}},"39":{"start":{"line":40,"column":0},"end":{"line":40,"column":24}},"40":{"start":{"line":41,"column":0},"end":{"line":41,"column":42}},"41":{"start":{"line":42,"column":0},"end":{"line":42,"column":5}},"42":{"start":{"line":43,"column":0},"end":{"line":43,"column":5}},"43":{"start":{"line":44,"column":0},"end":{"line":44,"column":17}},"44":{"start":{"line":45,"column":0},"end":{"line":45,"column":42}},"45":{"start":{"line":46,"column":0},"end":{"line":46,"column":5}},"46":{"start":{"line":47,"column":0},"end":{"line":47,"column":5}},"47":{"start":{"line":48,"column":0},"end":{"line":48,"column":18}},"48":{"start":{"line":49,"column":0},"end":{"line":49,"column":42}},"49":{"start":{"line":50,"column":0},"end":{"line":50,"column":5}},"50":{"start":{"line":51,"column":0},"end":{"line":51,"column":5}},"51":{"start":{"line":52,"column":0},"end":{"line":52,"column":15}},"52":{"start":{"line":53,"column":0},"end":{"line":53,"column":42}},"53":{"start":{"line":54,"column":0},"end":{"line":54,"column":5}},"54":{"start":{"line":55,"column":0},"end":{"line":55,"column":5}},"55":{"start":{"line":56,"column":0},"end":{"line":56,"column":17}},"56":{"start":{"line":57,"column":0},"end":{"line":57,"column":42}},"57":{"start":{"line":58,"column":0},"end":{"line":58,"column":5}},"58":{"start":{"line":59,"column":0},"end":{"line":59,"column":2}}},"s":{"0":0,"1":0,"2":0,"3":0,"4":0,"5":0,"6":0,"7":0,"8":0,"9":0,"10":0,"11":0,"12":0,"13":0,"14":0,"15":0,"16":0,"17":0,"18":0,"19":0,"20":0,"21":0,"22":0,"23":0,"24":0,"25":0,"26":0,"27":0,"28":0,"29":0,"30":0,"31":0,"32":0,"33":0,"34":0,"35":0,"36":0,"37":0,"38":0,"39":0,"40":0,"41":0,"42":0,"43":0,"44":0,"45":0,"46":0,"47":0,"48":0,"49":0,"50":0,"51":0,"52":0,"53":0,"54":0,"55":0,"56":0,"57":0,"58":0},"branchMap":{"0":{"type":"branch","line":1,"loc":{"start":{"line":1,"column":42783},"end":{"line":59,"column":2}},"locations":[{"start":{"line":1,"column":42783},"end":{"line":59,"column":2}}]}},"b":{"0":[0]},"fnMap":{"0":{"name":"(empty-report)","decl":{"start":{"line":1,"column":42783},"end":{"line":59,"column":2}},"loc":{"start":{"line":1,"column":42783},"end":{"line":59,"column":2}},"line":1}},"f":{"0":0}}
,"/home/runner/work/json-pointer/json-pointer/typedocs/assets/navigation.js": {"path":"/home/runner/work/json-pointer/json-pointer/typedocs/assets/navigation.js","all":true,"statementMap":{"0":{"start":{"line":1,"column":0},"end":{"line":1,"column":603}}},"s":{"0":0},"branchMap":{"0":{"type":"branch","line":1,"loc":{"start":{"line":1,"column":0},"end":{"line":1,"column":603}},"locations":[{"start":{"line":1,"column":0},"end":{"line":1,"column":603}}]}},"b":{"0":[0]},"fnMap":{"0":{"name":"(empty-report)","decl":{"start":{"line":1,"column":0},"end":{"line":1,"column":603}},"loc":{"start":{"line":1,"column":0},"end":{"line":1,"column":603}},"line":1}},"f":{"0":0}}
,"/home/runner/work/json-pointer/json-pointer/typedocs/assets/search.js": {"path":"/home/runner/work/json-pointer/json-pointer/typedocs/assets/search.js","all":true,"statementMap":{"0":{"start":{"line":1,"column":0},"end":{"line":1,"column":1744}}},"s":{"0":0},"branchMap":{"0":{"type":"branch","line":1,"loc":{"start":{"line":1,"column":0},"end":{"line":1,"column":1744}},"locations":[{"start":{"line":1,"column":0},"end":{"line":1,"column":1744}}]}},"b":{"0":[0]},"fnMap":{"0":{"name":"(empty-report)","decl":{"start":{"line":1,"column":0},"end":{"line":1,"column":1744}},"loc":{"start":{"line":1,"column":0},"end":{"line":1,"column":1744}},"line":1}},"f":{"0":0}}
}
